2018-08-28T12:57:12.000Z,P1120693,7910,54.52880,18.07829,13055.6,-273.0,RS41,403.000
2018-08-28T12:57:13.000Z,P1120693,7911,54.52874,18.07844,13041.7,-273.0,RS41,403.000
2018-08-28T12:57:14.000Z,P1120693,7912,54.52868,18.07860,13027.1,-273.0,RS41,403.000
2018-08-28T12:57:15.000Z,P1120693,7913,54.52862,18.07876,13012.2,-273.0,RS41,403.000
2018-08-28T12:57:16.000Z,P1120693,7914,54.52856,18.07893,12997.4,-273.0,RS41,403.000
2018-08-28T12:57:17.000Z,P1120693,7915,54.52851,18.07910,12982.8,-273.0,RS41,403.000
2018-08-28T12:57:18.000Z,P1120693,7916,54.52845,18.07927,12968.4,-273.0,RS41,403.000
2018-08-28T12:57:19.000Z,P1120693,7917,54.52840,18.07945,12954.1,-273.0,RS41,403.000
2018-08-28T12:57:20.000Z,P1120693,7918,54.52835,18.07963,12939.7,-273.0,RS41,403.000
2018-08-28T12:57:21.000Z,P1120693,7919,54.52830,18.07981,12924.8,-273.0,RS41,403.000
2018-08-28T12:57:22.000Z,P1120693,7920,54.52825,18.07999,12909.6,-273.0,RS41,403.000
2018-08-28T12:57:23.000Z,P1120693,7921,54.52821,18.08016,12894.9,-273.0,RS41,403.000
2018-08-28T12:57:24.000Z,P1120693,7922,54.52816,18.08034,12880.8,-273.0,RS41,403.000
2018-08-28T12:57:25.000Z,P1120693,7923,54.52810,18.08052,12866.6,-273.0,RS41,403.000
2018-08-28T12:57:26.000Z,P1120693,7924,54.52805,18.08069,12853.4,-273.0,RS41,403.000
2018-08-28T12:57:27.000Z,P1120693,7925,54.52799,18.08085,12840.1,-273.0,RS41,403.000
2018-08-28T12:57:28.000Z,P1120693,7926,54.52793,18.08102,12825.6,-273.0,RS41,403.000
2018-08-28T12:57:29.000Z,P1120693,7927,54.52787,18.08119,12810.9,-273.0,RS41,403.000
2018-08-28T12:57:30.000Z,P1120693,7928,54.52780,18.08135,12796.5,-273.0,RS41,403.000
2018-08-28T12:57:31.000Z,P1120693,7929,54.52773,18.08152,12783.3,-273.0,RS41,403.000
2018-08-28T12:57:32.000Z,P1120693,7930,54.52766,18.08169,12770.1,-273.0,RS41,403.000
2018-08-28T12:57:33.000Z,P1120693,7931,54.52758,18.08186,12756.3,-273.0,RS41,403.000
2018-08-28T12:57:34.000Z,P1120693,7932,54.52751,18.08203,12742.0,-273.0,RS41,403.000
2018-08-28T12:57:35.000Z,P1120693,7933,54.52744,18.08220,12727.3,-273.0,RS41,403.000
2018-08-28T12:57:36.000Z,P1120693,7934,54.52737,18.08238,12712.2,-273.0,RS41,403.000
2018-08-28T12:57:37.000Z,P1120693,7935,54.52730,18.08255,12696.7,-273.0,RS41,403.000
2018-08-28T12:57:38.000Z,P1120693,7936,54.52723,18.08273,12681.0,-273.0,RS41,403.000
2018-08-28T12:57:39.000Z,P1120693,7937,54.52716,18.08291,12666.1,-273.0,RS41,403.000
2018-08-28T12:57:40.000Z,P1120693,7938,54.52710,18.08308,12651.2,-273.0,RS41,403.000
2018-08-28T12:57:41.000Z,P1120693,7939,54.52703,18.08326,12635.9,-273.0,RS41,403.000
2018-08-28T12:57:42.000Z,P1120693,7940,54.52697,18.08344,12620.3,-273.0,RS41,403.000
2018-08-28T12:57:43.000Z,P1120693,7941,54.52690,18.08363,12604.5,-273.0,RS41,403.000
2018-08-28T12:57:44.000Z,P1120693,7942,54.52684,18.08381,12587.9,-273.0,RS41,403.000
2018-08-28T12:57:45.000Z,P1120693,7943,54.52678,18.08400,12571.5,-273.0,RS41,403.000
2018-08-28T12:57:46.000Z,P1120693,7944,54.52672,18.08419,12556.1,-273.0,RS41,403.000
2018-08-28T12:57:47.000Z,P1120693,7945,54.52667,18.08437,12543.2,-273.0,RS41,403.000
2018-08-28T12:57:48.000Z,P1120693,7946,54.52661,18.08456,12531.5,-273.0,RS41,403.000
2018-08-28T12:57:49.000Z,P1120693,7947,54.52656,18.08473,12519.3,-273.0,RS41,403.000
2018-08-28T12:57:50.000Z,P1120693,7948,54.52651,18.08491,12505.8,-273.0,RS41,403.000
2018-08-28T12:57:51.000Z,P1120693,7949,54.52646,18.08508,12492.1,-273.0,RS41,403.000
2018-08-28T12:57:52.000Z,P1120693,7950,54.52642,18.08525,12478.2,-273.0,RS41,403.000
2018-08-28T12:57:53.000Z,P1120693,7951,54.52637,18.08541,12464.2,-273.0,RS41,403.000
2018-08-28T12:57:54.000Z,P1120693,7952,54.52633,18.08558,12450.5,-273.0,RS41,403.000
2018-08-28T12:57:55.000Z,P1120693,7953,54.52627,18.08575,12437.8,-273.0,RS41,403.000
2018-08-28T12:57:56.000Z,P1120693,7954,54.52622,18.08592,12425.7,-273.0,RS41,403.000
2018-08-28T12:57:57.000Z,P1120693,7955,54.52616,18.08611,12413.0,-273.0,RS41,403.000
2018-08-28T12:57:58.000Z,P1120693,7956,54.52610,18.08630,12398.9,-273.0,RS41,403.000
2018-08-28T12:57:59.000Z,P1120693,7957,54.52603,18.08649,12384.3,-273.0,RS41,403.000
2018-08-28T12:58:00.000Z,P1120693,7958,54.52596,18.08670,12369.2,-273.0,RS41,403.000
2018-08-28T12:58:01.000Z,P1120693,7959,54.52589,18.08691,12353.8,-273.0,RS41,403.000
2018-08-28T12:58:02.000Z,P1120693,7960,54.52582,18.08714,12339.7,-47.8,RS41,403.000
2018-08-28T12:58:03.000Z,P1120693,7961,54.52575,18.08736,12325.7,-47.8,RS41,403.000
2018-08-28T12:58:04.000Z,P1120693,7962,54.52567,18.08759,12310.8,-47.9,RS41,403.000
2018-08-28T12:58:05.000Z,P1120693,7963,54.52560,18.08783,12295.9,-47.9,RS41,403.000
2018-08-28T12:58:06.000Z,P1120693,7964,54.52552,18.08807,12281.4,-48.0,RS41,403.000
2018-08-28T12:58:07.000Z,P1120693,7965,54.52544,18.08832,12268.2,-48.0,RS41,403.000
2018-08-28T12:58:08.000Z,P1120693,7966,54.52536,18.08856,12254.5,-48.1,RS41,403.000
2018-08-28T12:58:09.000Z,P1120693,7967,54.52528,18.08881,12240.2,-48.1,RS41,403.000
2018-08-28T12:58:10.000Z,P1120693,7968,54.52520,18.08906,12224.6,-48.0,RS41,403.000
2018-08-28T12:58:11.000Z,P1120693,7969,54.52513,18.08931,12208.6,-48.0,RS41,403.000
2018-08-28T12:58:12.000Z,P1120693,7970,54.52506,18.08955,12193.6,-48.0,RS41,403.000
2018-08-28T12:58:13.000Z,P1120693,7971,54.52499,18.08979,12180.6,-48.0,RS41,403.000
2018-08-28T12:58:14.000Z,P1120693,7972,54.52491,18.09003,12169.5,-48.1,RS41,403.000
2018-08-28T12:58:15.000Z,P1120693,7973,54.52484,18.09026,12158.9,-48.2,RS41,403.000
2018-08-28T12:58:16.000Z,P1120693,7974,54.52477,18.09049,12147.8,-48.3,RS41,403.000
2018-08-28T12:58:17.000Z,P1120693,7975,54.52469,18.09071,12135.9,-48.3,RS41,403.000
2018-08-28T12:58:18.000Z,P1120693,7976,54.52461,18.09092,12124.4,-48.3,RS41,403.000
2018-08-28T12:58:19.000Z,P1120693,7977,54.52453,18.09113,12112.9,-48.2,RS41,403.000
2018-08-28T12:58:20.000Z,P1120693,7978,54.52444,18.09133,12101.3,-48.1,RS41,403.000
2018-08-28T12:58:21.000Z,P1120693,7979,54.52436,18.09152,12089.7,-48.0,RS41,403.000
2018-08-28T12:58:22.000Z,P1120693,7980,54.52428,18.09171,12078.1,-47.9,RS41,403.000
2018-08-28T12:58:23.000Z,P1120693,7981,54.52420,18.09191,12066.4,-47.9,RS41,403.000
2018-08-28T12:58:24.000Z,P1120693,7982,54.52412,18.09210,12054.2,-47.8,RS41,403.000
2018-08-28T12:58:25.000Z,P1120693,7983,54.52404,18.09230,12040.6,-47.7,RS41,403.000
2018-08-28T12:58:26.000Z,P1120693,7984,54.52396,18.09250,12026.4,-47.6,RS41,403.000
2018-08-28T12:58:27.000Z,P1120693,7985,54.52388,18.09269,12012.1,-47.6,RS41,403.000
2018-08-28T12:58:28.000Z,P1120693,7986,54.52380,18.09289,11997.3,-47.6,RS41,403.000
2018-08-28T12:58:29.000Z,P1120693,7987,54.52372,18.09308,11982.5,-47.6,RS41,403.000
2018-08-28T12:58:30.000Z,P1120693,7988,54.52363,18.09326,11968.5,-47.5,RS41,403.000
2018-08-28T12:58:31.000Z,P1120693,7989,54.52355,18.09344,11954.9,-47.5,RS41,403.000
2018-08-28T12:58:32.000Z,P1120693,7990,54.52346,18.09362,11940.9,-47.6,RS41,403.000
2018-08-28T12:58:33.000Z,P1120693,7991,54.52337,18.09379,11927.4,-47.6,RS41,403.000
2018-08-28T12:58:34.000Z,P1120693,7992,54.52328,18.09395,11914.3,-47.5,RS41,403.000
2018-08-28T12:58:35.000Z,P1120693,7993,54.52318,18.09411,11900.3,-47.7,RS41,403.000
2018-08-28T12:58:36.000Z,P1120693,7994,54.52308,18.09427,11885.7,-47.9,RS41,403.000
2018-08-28T12:58:37.000Z,P1120693,7995,54.52298,18.09443,11871.3,-48.0,RS41,403.000
2018-08-28T12:58:38.000Z,P1120693,7996,54.52287,18.09459,11856.7,-48.1,RS41,403.000
2018-08-28T12:58:39.000Z,P1120693,7997,54.52277,18.09475,11842.1,-48.2,RS41,403.000
2018-08-28T12:58:40.000Z,P1120693,7998,54.52266,18.09491,11827.4,-48.2,RS41,403.000
2018-08-28T12:58:41.000Z,P1120693,7999,54.52255,18.09508,11812.9,-48.3,RS41,403.000
2018-08-28T12:58:42.000Z,P1120693,8000,54.52244,18.09526,11797.3,-48.2,RS41,403.000
2018-08-28T12:58:43.000Z,P1120693,8001,54.52233,18.09544,11781.4,-48.2,RS41,403.000
2018-08-28T12:58:44.000Z,P1120693,8002,54.52222,18.09563,11765.4,-48.1,RS41,403.000
2018-08-28T12:58:45.000Z,P1120693,8003,54.52210,18.09581,11749.0,-48.0,RS41,403.000
2018-08-28T12:58:46.000Z,P1120693,8004,54.52199,18.09600,11733.0,-47.9,RS41,403.000
2018-08-28T12:58:47.000Z,P1120693,8005,54.52188,18.09618,11716.9,-47.7,RS41,403.000
2018-08-28T12:58:48.000Z,P1120693,8006,54.52176,18.09636,11700.4,-47.6,RS41,403.000
2018-08-28T12:58:49.000Z,P1120693,8007,54.52165,18.09654,11683.5,-47.6,RS41,403.000
2018-08-28T12:58:50.000Z,P1120693,8008,54.52155,18.09671,11666.5,-47.7,RS41,403.000
2018-08-28T12:58:51.000Z,P1120693,8009,54.52145,18.09688,11649.2,-48.1,RS41,403.000
2018-08-28T12:58:52.000Z,P1120693,8010,54.52134,18.09704,11632.4,-48.4,RS41,403.000
2018-08-28T12:58:53.000Z,P1120693,8011,54.52124,18.09720,11615.9,-48.5,RS41,403.000
2018-08-28T12:58:54.000Z,P1120693,8012,54.52113,18.09736,11599.0,-48.4,RS41,403.000
2018-08-28T12:58:55.000Z,P1120693,8013,54.52102,18.09750,11582.8,-48.4,RS41,403.000
2018-08-28T12:58:56.000Z,P1120693,8014,54.52091,18.09765,11566.6,-48.4,RS41,403.000
2018-08-28T12:58:57.000Z,P1120693,8015,54.52080,18.09781,11550.0,-48.3,RS41,403.000
2018-08-28T12:58:58.000Z,P1120693,8016,54.52068,18.09796,11533.1,-48.2,RS41,403.000
2018-08-28T12:58:59.000Z,P1120693,8017,54.52056,18.09811,11516.3,-48.2,RS41,403.000
2018-08-28T12:59:00.000Z,P1120693,8018,54.52044,18.09827,11499.8,-48.0,RS41,403.000
2018-08-28T12:59:01.000Z,P1120693,8019,54.52032,18.09842,11483.3,-47.9,RS41,403.000
2018-08-28T12:59:02.000Z,P1120693,8020,54.52019,18.09857,11466.3,-47.8,RS41,403.000
2018-08-28T12:59:03.000Z,P1120693,8021,54.52007,18.09874,11449.1,-47.7,RS41,403.000
2018-08-28T12:59:04.000Z,P1120693,8022,54.51994,18.09890,11431.7,-47.6,RS41,403.000
2018-08-28T12:59:05.000Z,P1120693,8023,54.51982,18.09907,11414.9,-47.5,RS41,403.000
2018-08-28T12:59:06.000Z,P1120693,8024,54.51969,18.09923,11398.7,-47.6,RS41,403.000
2018-08-28T12:59:07.000Z,P1120693,8025,54.51956,18.09939,11383.0,-47.6,RS41,403.000
2018-08-28T12:59:08.000Z,P1120693,8026,54.51945,18.09956,11367.2,-47.6,RS41,403.000
2018-08-28T12:59:09.000Z,P1120693,8027,54.51933,18.09974,11352.4,-47.9,RS41,403.000
2018-08-28T12:59:10.000Z,P1120693,8028,54.51920,18.09992,11337.3,-48.0,RS41,403.000
2018-08-28T12:59:11.000Z,P1120693,8029,54.51908,18.10010,11322.3,-48.0,RS41,403.000
2018-08-28T12:59:12.000Z,P1120693,8030,54.51895,18.10029,11306.8,-47.9,RS41,403.000
2018-08-28T12:59:13.000Z,P1120693,8031,54.51882,18.10048,11290.5,-47.8,RS41,403.000
2018-08-28T12:59:14.000Z,P1120693,8032,54.51869,18.10067,11274.1,-47.7,RS41,403.000
2018-08-28T12:59:15.000Z,P1120693,8033,54.51856,18.10086,11258.1,-47.6,RS41,403.000
2018-08-28T12:59:16.000Z,P1120693,8034,54.51843,18.10105,11242.2,-47.5,RS41,403.000
2018-08-28T12:59:17.000Z,P1120693,8035,54.51830,18.10124,11225.6,-47.4,RS41,403.000
2018-08-28T12:59:18.000Z,P1120693,8036,54.51816,18.10142,11209.7,-47.3,RS41,403.000
2018-08-28T12:59:19.000Z,P1120693,8037,54.51802,18.10161,11194.0,-47.3,RS41,403.000
2018-08-28T12:59:20.000Z,P1120693,8038,54.51788,18.10179,11179.6,-47.3,RS41,403.000
2018-08-28T12:59:21.000Z,P1120693,8039,54.51774,18.10197,11164.6,-47.2,RS41,403.000
2018-08-28T12:59:22.000Z,P1120693,8040,54.51760,18.10214,11149.1,-47.1,RS41,403.000
2018-08-28T12:59:23.000Z,P1120693,8041,54.51745,18.10232,11133.0,-47.1,RS41,403.000
2018-08-28T12:59:24.000Z,P1120693,8042,54.51730,18.10249,11117.3,-47.3,RS41,403.000
2018-08-28T12:59:25.000Z,P1120693,8043,54.51714,18.10265,11102.3,-47.4,RS41,403.000
2018-08-28T12:59:26.000Z,P1120693,8044,54.51698,18.10281,11087.5,-47.4,RS41,403.000
2018-08-28T12:59:27.000Z,P1120693,8045,54.51682,18.10297,11072.0,-47.3,RS41,403.000
2018-08-28T12:59:28.000Z,P1120693,8046,54.51666,18.10312,11056.8,-47.2,RS41,403.000
2018-08-28T12:59:29.000Z,P1120693,8047,54.51650,18.10329,11041.9,-47.3,RS41,403.000
2018-08-28T12:59:30.000Z,P1120693,8048,54.51633,18.10345,11026.6,-47.3,RS41,403.000
2018-08-28T12:59:31.000Z,P1120693,8049,54.51616,18.10361,11010.5,-47.3,RS41,403.000
2018-08-28T12:59:32.000Z,P1120693,8050,54.51599,18.10377,10994.4,-47.2,RS41,403.000
2018-08-28T12:59:33.000Z,P1120693,8051,54.51582,18.10393,10978.2,-47.1,RS41,403.000
2018-08-28T12:59:34.000Z,P1120693,8052,54.51564,18.10408,10962.6,-47.1,RS41,403.000
2018-08-28T12:59:35.000Z,P1120693,8053,54.51546,18.10423,10947.3,-47.0,RS41,403.000
2018-08-28T12:59:36.000Z,P1120693,8054,54.51528,18.10437,10931.9,-47.0,RS41,403.000
2018-08-28T12:59:37.000Z,P1120693,8055,54.51510,18.10452,10916.9,-47.1,RS41,403.000
2018-08-28T12:59:38.000Z,P1120693,8056,54.51493,18.10466,10902.3,-47.3,RS41,403.000
2018-08-28T12:59:39.000Z,P1120693,8057,54.51475,18.10480,10888.1,-47.3,RS41,403.000
2018-08-28T12:59:40.000Z,P1120693,8058,54.51458,18.10495,10873.7,-47.3,RS41,403.000
2018-08-28T12:59:41.000Z,P1120693,8059,54.51439,18.10508,10859.1,-47.3,RS41,403.000
2018-08-28T12:59:42.000Z,P1120693,8060,54.51421,18.10523,10844.3,-47.3,RS41,403.000
2018-08-28T12:59:43.000Z,P1120693,8061,54.51404,18.10537,10828.4,-47.3,RS41,403.000
2018-08-28T12:59:44.000Z,P1120693,8062,54.51386,18.10552,10813.7,-47.4,RS41,403.000
2018-08-28T12:59:45.000Z,P1120693,8063,54.51368,18.10567,10798.3,-47.5,RS41,403.000
2018-08-28T12:59:46.000Z,P1120693,8064,54.51350,18.10582,10783.8,-47.5,RS41,403.000
2018-08-28T12:59:47.000Z,P1120693,8065,54.51331,18.10596,10770.0,-47.5,RS41,403.000
2018-08-28T12:59:48.000Z,P1120693,8066,54.51311,18.10611,10755.3,-47.5,RS41,403.000
2018-08-28T12:59:49.000Z,P1120693,8067,54.51292,18.10626,10740.3,-47.4,RS41,403.000
2018-08-28T12:59:50.000Z,P1120693,8068,54.51272,18.10641,10725.6,-47.3,RS41,403.000
2018-08-28T12:59:51.000Z,P1120693,8069,54.51251,18.10657,10711.4,-47.3,RS41,403.000
2018-08-28T12:59:52.000Z,P1120693,8070,54.51231,18.10672,10697.8,-47.3,RS41,403.000
2018-08-28T12:59:53.000Z,P1120693,8071,54.51210,18.10688,10684.5,-47.3,RS41,403.000
2018-08-28T12:59:54.000Z,P1120693,8072,54.51189,18.10704,10670.3,-47.3,RS41,403.000
2018-08-28T12:59:55.000Z,P1120693,8073,54.51168,18.10720,10655.5,-47.3,RS41,403.000
2018-08-28T12:59:56.000Z,P1120693,8074,54.51147,18.10737,10640.8,-47.3,RS41,403.000
2018-08-28T12:59:57.000Z,P1120693,8075,54.51126,18.10754,10626.5,-47.3,RS41,403.000
2018-08-28T12:59:58.000Z,P1120693,8076,54.51105,18.10772,10612.2,-47.3,RS41,403.000
2018-08-28T12:59:59.000Z,P1120693,8077,54.51083,18.10789,10598.0,-47.3,RS41,403.000
2018-08-28T13:00:00.000Z,P1120693,8078,54.51062,18.10808,10584.2,-47.3,RS41,403.000
2018-08-28T13:00:01.000Z,P1120693,8079,54.51040,18.10827,10570.4,-47.4,RS41,403.000
2018-08-28T13:00:02.000Z,P1120693,8080,54.51018,18.10847,10556.6,-47.5,RS41,403.000
2018-08-28T13:00:03.000Z,P1120693,8081,54.50995,18.10867,10542.8,-47.6,RS41,403.000
2018-08-28T13:00:04.000Z,P1120693,8082,54.50972,18.10887,10529.0,-47.7,RS41,403.000
2018-08-28T13:00:05.000Z,P1120693,8083,54.50949,18.10908,10516.0,-47.7,RS41,403.000
2018-08-28T13:00:06.000Z,P1120693,8084,54.50926,18.10929,10503.3,-47.8,RS41,403.000
2018-08-28T13:00:07.000Z,P1120693,8085,54.50903,18.10950,10489.8,-47.7,RS41,403.000
2018-08-28T13:00:08.000Z,P1120693,8086,54.50881,18.10972,10476.2,-47.6,RS41,403.000
2018-08-28T13:00:09.000Z,P1120693,8087,54.50858,18.10994,10462.6,-47.5,RS41,403.000
2018-08-28T13:00:10.000Z,P1120693,8088,54.50835,18.11017,10448.8,-47.4,RS41,403.000
2018-08-28T13:00:11.000Z,P1120693,8089,54.50812,18.11040,10434.6,-47.4,RS41,403.000
2018-08-28T13:00:12.000Z,P1120693,8090,54.50789,18.11064,10420.5,-47.2,RS41,403.000
2018-08-28T13:00:13.000Z,P1120693,8091,54.50766,18.11088,10406.8,-47.1,RS41,403.000
2018-08-28T13:00:14.000Z,P1120693,8092,54.50744,18.11112,10393.1,-47.0,RS41,403.000
2018-08-28T13:00:15.000Z,P1120693,8093,54.50722,18.11136,10379.9,-46.9,RS41,403.000
2018-08-28T13:00:16.000Z,P1120693,8094,54.50700,18.11160,10366.3,-46.9,RS41,403.000
2018-08-28T13:00:17.000Z,P1120693,8095,54.50678,18.11184,10352.3,-46.8,RS41,403.000
2018-08-28T13:00:18.000Z,P1120693,8096,54.50656,18.11208,10338.2,-46.9,RS41,403.000
2018-08-28T13:00:19.000Z,P1120693,8097,54.50635,18.11231,10324.6,-47.0,RS41,403.000
2018-08-28T13:00:20.000Z,P1120693,8098,54.50613,18.11253,10310.4,-47.1,RS41,403.000
2018-08-28T13:00:21.000Z,P1120693,8099,54.50592,18.11276,10295.8,-47.2,RS41,403.000
2018-08-28T13:00:22.000Z,P1120693,8100,54.50570,18.11299,10281.1,-47.3,RS41,403.000
2018-08-28T13:00:23.000Z,P1120693,8101,54.50549,18.11322,10266.6,-47.4,RS41,403.000
2018-08-28T13:00:24.000Z,P1120693,8102,54.50528,18.11344,10252.9,-47.4,RS41,403.000
2018-08-28T13:00:25.000Z,P1120693,8103,54.50506,18.11367,10238.9,-47.5,RS41,403.000
2018-08-28T13:00:26.000Z,P1120693,8104,54.50485,18.11389,10225.1,-47.5,RS41,403.000
2018-08-28T13:00:27.000Z,P1120693,8105,54.50464,18.11412,10211.7,-47.4,RS41,403.000
2018-08-28T13:00:28.000Z,P1120693,8106,54.50443,18.11434,10197.9,-47.3,RS41,403.000
2018-08-28T13:00:29.000Z,P1120693,8107,54.50422,18.11457,10183.4,-47.4,RS41,403.000
2018-08-28T13:00:30.000Z,P1120693,8108,54.50401,18.11480,10169.1,-47.4,RS41,403.000
2018-08-28T13:00:31.000Z,P1120693,8109,54.50380,18.11503,10155.5,-47.3,RS41,403.000
2018-08-28T13:00:32.000Z,P1120693,8110,54.50359,18.11526,10142.2,-47.3,RS41,403.000
2018-08-28T13:00:33.000Z,P1120693,8111,54.50337,18.11549,10128.7,-47.2,RS41,403.000
2018-08-28T13:00:34.000Z,P1120693,8112,54.50316,18.11572,10114.8,-47.2,RS41,403.000
2018-08-28T13:00:35.000Z,P1120693,8113,54.50295,18.11596,10101.7,-47.1,RS41,403.000
2018-08-28T13:00:36.000Z,P1120693,8114,54.50274,18.11619,10087.7,-47.1,RS41,403.000
2018-08-28T13:00:37.000Z,P1120693,8115,54.50252,18.11641,10073.1,-47.1,RS41,403.000
2018-08-28T13:00:38.000Z,P1120693,8116,54.50231,18.11664,10058.3,-47.0,RS41,403.000
2018-08-28T13:00:39.000Z,P1120693,8117,54.50209,18.11686,10043.3,-47.0,RS41,403.000
2018-08-28T13:00:40.000Z,P1120693,8118,54.50188,18.11708,10028.5,-46.9,RS41,403.000
2018-08-28T13:00:41.000Z,P1120693,8119,54.50166,18.11729,10013.7,-46.8,RS41,403.000
2018-08-28T13:00:42.000Z,P1120693,8120,54.50143,18.11750,9999.9,-46.7,RS41,403.000
2018-08-28T13:00:43.000Z,P1120693,8121,54.50121,18.11770,9986.4,-46.7,RS41,403.000
2018-08-28T13:00:44.000Z,P1120693,8122,54.50099,18.11789,9973.2,-46.6,RS41,403.000
2018-08-28T13:00:45.000Z,P1120693,8123,54.50076,18.11808,9960.4,-46.5,RS41,403.000
2018-08-28T13:00:46.000Z,P1120693,8124,54.50054,18.11827,9947.2,-46.3,RS41,403.000
2018-08-28T13:00:47.000Z,P1120693,8125,54.50031,18.11846,9933.6,-46.2,RS41,403.000
2018-08-28T13:00:48.000Z,P1120693,8126,54.50009,18.11864,9920.1,-46.1,RS41,403.000
2018-08-28T13:00:49.000Z,P1120693,8127,54.49986,18.11882,9906.6,-46.0,RS41,403.000
2018-08-28T13:00:50.000Z,P1120693,8128,54.49963,18.11900,9893.2,-45.9,RS41,403.000
2018-08-28T13:00:51.000Z,P1120693,8129,54.49940,18.11918,9880.7,-45.7,RS41,403.000
2018-08-28T13:00:52.000Z,P1120693,8130,54.49918,18.11936,9868.2,-45.6,RS41,403.000
2018-08-28T13:00:53.000Z,P1120693,8131,54.49895,18.11953,9855.9,-45.5,RS41,403.000
2018-08-28T13:00:54.000Z,P1120693,8132,54.49872,18.11971,9843.4,-45.4,RS41,403.000
2018-08-28T13:00:55.000Z,P1120693,8133,54.49849,18.11989,9830.8,-45.3,RS41,403.000
2018-08-28T13:00:56.000Z,P1120693,8134,54.49826,18.12007,9818.5,-45.2,RS41,403.000
2018-08-28T13:00:57.000Z,P1120693,8135,54.49803,18.12024,9806.0,-45.1,RS41,403.000
2018-08-28T13:00:58.000Z,P1120693,8136,54.49780,18.12042,9793.4,-45.1,RS41,403.000
2018-08-28T13:00:59.000Z,P1120693,8137,54.49757,18.12059,9779.5,-45.1,RS41,403.000
2018-08-28T13:01:00.000Z,P1120693,8138,54.49733,18.12077,9765.6,-45.0,RS41,403.000
2018-08-28T13:01:01.000Z,P1120693,8139,54.49710,18.12094,9752.2,-45.0,RS41,403.000
2018-08-28T13:01:02.000Z,P1120693,8140,54.49686,18.12110,9739.1,-44.9,RS41,403.000
2018-08-28T13:01:03.000Z,P1120693,8141,54.49663,18.12128,9726.1,-44.9,RS41,403.000
2018-08-28T13:01:04.000Z,P1120693,8142,54.49639,18.12145,9713.0,-44.8,RS41,403.000
2018-08-28T13:01:05.000Z,P1120693,8143,54.49615,18.12162,9700.2,-44.7,RS41,403.000
2018-08-28T13:01:06.000Z,P1120693,8144,54.49591,18.12180,9687.8,-44.7,RS41,403.000
2018-08-28T13:01:07.000Z,P1120693,8145,54.49567,18.12198,9675.4,-44.7,RS41,403.000
2018-08-28T13:01:08.000Z,P1120693,8146,54.49544,18.12216,9663.3,-44.8,RS41,403.000
2018-08-28T13:01:09.000Z,P1120693,8147,54.49519,18.12234,9651.2,-44.7,RS41,403.000
2018-08-28T13:01:10.000Z,P1120693,8148,54.49495,18.12252,9638.7,-44.6,RS41,403.000
2018-08-28T13:01:11.000Z,P1120693,8149,54.49471,18.12270,9626.0,-44.6,RS41,403.000
2018-08-28T13:01:12.000Z,P1120693,8150,54.49447,18.12289,9613.2,-44.5,RS41,403.000
2018-08-28T13:01:13.000Z,P1120693,8151,54.49422,18.12308,9601.0,-44.4,RS41,403.000
2018-08-28T13:01:14.000Z,P1120693,8152,54.49398,18.12327,9588.7,-44.3,RS41,403.000
2018-08-28T13:01:15.000Z,P1120693,8153,54.49373,18.12346,9576.0,-44.2,RS41,403.000
2018-08-28T13:01:16.000Z,P1120693,8154,54.49348,18.12365,9563.9,-44.1,RS41,403.000
2018-08-28T13:01:17.000Z,P1120693,8155,54.49324,18.12384,9551.5,-44.0,RS41,403.000
2018-08-28T13:01:18.000Z,P1120693,8156,54.49300,18.12403,9538.7,-43.9,RS41,403.000
2018-08-28T13:01:19.000Z,P1120693,8157,54.49276,18.12422,9525.7,-43.8,RS41,403.000
2018-08-28T13:01:20.000Z,P1120693,8158,54.49252,18.12442,9513.1,-43.7,RS41,403.000
2018-08-28T13:01:21.000Z,P1120693,8159,54.49228,18.12461,9500.6,-43.7,RS41,403.000
2018-08-28T13:01:22.000Z,P1120693,8160,54.49204,18.12480,9487.8,-43.6,RS41,403.000
2018-08-28T13:01:23.000Z,P1120693,8161,54.49179,18.12500,9474.4,-43.4,RS41,403.000
2018-08-28T13:01:24.000Z,P1120693,8162,54.49155,18.12520,9460.6,-43.4,RS41,403.000
2018-08-28T13:01:25.000Z,P1120693,8163,54.49131,18.12539,9447.0,-43.2,RS41,403.000
2018-08-28T13:01:26.000Z,P1120693,8164,54.49107,18.12559,9433.8,-43.1,RS41,403.000
2018-08-28T13:01:27.000Z,P1120693,8165,54.49082,18.12579,9419.9,-43.0,RS41,403.000
2018-08-28T13:01:28.000Z,P1120693,8166,54.49058,18.12598,9406.1,-42.8,RS41,403.000
2018-08-28T13:01:29.000Z,P1120693,8167,54.49034,18.12617,9392.3,-42.7,RS41,403.000
2018-08-28T13:01:30.000Z,P1120693,8168,54.49009,18.12636,9378.8,-42.6,RS41,403.000
2018-08-28T13:01:31.000Z,P1120693,8169,54.48984,18.12654,9365.5,-42.5,RS41,403.000
2018-08-28T13:01:32.000Z,P1120693,8170,54.48960,18.12672,9352.1,-42.4,RS41,403.000
2018-08-28T13:01:33.000Z,P1120693,8171,54.48936,18.12690,9338.9,-42.5,RS41,403.000
2018-08-28T13:01:34.000Z,P1120693,8172,54.48912,18.12707,9325.9,-42.5,RS41,403.000
2018-08-28T13:01:35.000Z,P1120693,8173,54.48888,18.12724,9313.0,-42.6,RS41,403.000
2018-08-28T13:01:36.000Z,P1120693,8174,54.48863,18.12741,9299.8,-42.5,RS41,403.000
2018-08-28T13:01:37.000Z,P1120693,8175,54.48838,18.12758,9287.3,-42.5,RS41,403.000
2018-08-28T13:01:38.000Z,P1120693,8176,54.48813,18.12774,9274.8,-42.5,RS41,403.000
2018-08-28T13:01:39.000Z,P1120693,8177,54.48788,18.12790,9262.9,-42.4,RS41,403.000
2018-08-28T13:01:40.000Z,P1120693,8178,54.48763,18.12804,9250.6,-42.3,RS41,403.000
2018-08-28T13:01:41.000Z,P1120693,8179,54.48738,18.12819,9238.2,-42.2,RS41,403.000
2018-08-28T13:01:42.000Z,P1120693,8180,54.48712,18.12834,9226.2,-42.2,RS41,403.000
2018-08-28T13:01:43.000Z,P1120693,8181,54.48687,18.12848,9214.6,-42.1,RS41,403.000
2018-08-28T13:01:44.000Z,P1120693,8182,54.48661,18.12862,9202.9,-42.1,RS41,403.000
2018-08-28T13:01:45.000Z,P1120693,8183,54.48635,18.12875,9191.2,-42.0,RS41,403.000
2018-08-28T13:01:46.000Z,P1120693,8184,54.48610,18.12888,9179.1,-42.0,RS41,403.000
2018-08-28T13:01:47.000Z,P1120693,8185,54.48584,18.12900,9166.4,-41.9,RS41,403.000
2018-08-28T13:01:48.000Z,P1120693,8186,54.48558,18.12913,9153.9,-41.9,RS41,403.000
2018-08-28T13:01:49.000Z,P1120693,8187,54.48532,18.12925,9141.4,-41.8,RS41,403.000
2018-08-28T13:01:50.000Z,P1120693,8188,54.48505,18.12937,9129.4,-41.7,RS41,403.000
2018-08-28T13:01:51.000Z,P1120693,8189,54.48478,18.12949,9118.0,-41.6,RS41,403.000
2018-08-28T13:01:52.000Z,P1120693,8190,54.48452,18.12962,9106.8,-41.5,RS41,403.000
2018-08-28T13:01:53.000Z,P1120693,8191,54.48425,18.12974,9094.8,-41.4,RS41,403.000
2018-08-28T13:01:54.000Z,P1120693,8192,54.48398,18.12987,9082.3,-41.3,RS41,403.000
2018-08-28T13:01:55.000Z,P1120693,8193,54.48371,18.13000,9070.1,-41.2,RS41,403.000
2018-08-28T13:01:56.000Z,P1120693,8194,54.48344,18.13014,9057.9,-41.2,RS41,403.000
2018-08-28T13:01:57.000Z,P1120693,8195,54.48317,18.13027,9046.0,-41.1,RS41,403.000
2018-08-28T13:01:58.000Z,P1120693,8196,54.48290,18.13041,9034.0,-41.0,RS41,403.000
2018-08-28T13:01:59.000Z,P1120693,8197,54.48263,18.13055,9021.7,-40.9,RS41,403.000
2018-08-28T13:02:00.000Z,P1120693,8198,54.48236,18.13070,9009.6,-40.8,RS41,403.000
2018-08-28T13:02:01.000Z,P1120693,8199,54.48209,18.13085,8997.8,-40.7,RS41,403.000
2018-08-28T13:02:02.000Z,P1120693,8200,54.48182,18.13099,8986.1,-40.6,RS41,403.000
2018-08-28T13:02:03.000Z,P1120693,8201,54.48155,18.13114,8974.0,-40.5,RS41,403.000
2018-08-28T13:02:04.000Z,P1120693,8202,54.48129,18.13129,8961.9,-40.4,RS41,403.000
2018-08-28T13:02:05.000Z,P1120693,8203,54.48102,18.13144,8949.9,-40.3,RS41,403.000
2018-08-28T13:02:06.000Z,P1120693,8204,54.48075,18.13160,8937.8,-40.2,RS41,403.000
2018-08-28T13:02:07.000Z,P1120693,8205,54.48049,18.13175,8925.7,-40.1,RS41,403.000
2018-08-28T13:02:08.001Z,P1120693,8206,54.48022,18.13191,8914.0,-40.0,RS41,403.000
2018-08-28T13:02:09.001Z,P1120693,8207,54.47995,18.13207,8902.7,-39.9,RS41,403.000
2018-08-28T13:02:10.001Z,P1120693,8208,54.47968,18.13222,8891.4,-39.8,RS41,403.000
2018-08-28T13:02:11.001Z,P1120693,8209,54.47941,18.13239,8879.5,-39.7,RS41,403.000
2018-08-28T13:02:12.001Z,P1120693,8210,54.47913,18.13255,8867.8,-39.6,RS41,403.000
2018-08-28T13:02:13.001Z,P1120693,8211,54.47886,18.13271,8856.3,-39.5,RS41,403.000
2018-08-28T13:02:14.001Z,P1120693,8212,54.47859,18.13288,8844.9,-39.4,RS41,403.000
2018-08-28T13:02:15.001Z,P1120693,8213,54.47832,18.13305,8833.1,-39.3,RS41,403.000
2018-08-28T13:02:16.001Z,P1120693,8214,54.47805,18.13321,8821.0,-39.2,RS41,403.000
2018-08-28T13:02:17.001Z,P1120693,8215,54.47777,18.13338,8808.6,-39.1,RS41,403.000
2018-08-28T13:02:18.001Z,P1120693,8216,54.47750,18.13355,8796.4,-38.9,RS41,403.000
2018-08-28T13:02:19.001Z,P1120693,8217,54.47723,18.13372,8783.9,-38.8,RS41,403.000
2018-08-28T13:02:20.001Z,P1120693,8218,54.47696,18.13389,8771.5,-38.7,RS41,403.000
2018-08-28T13:02:21.001Z,P1120693,8219,54.47669,18.13406,8759.2,-38.6,RS41,403.000
2018-08-28T13:02:22.001Z,P1120693,8220,54.47642,18.13424,8747.0,-38.5,RS41,403.000
2018-08-28T13:02:23.001Z,P1120693,8221,54.47615,18.13441,8734.8,-38.4,RS41,403.000
2018-08-28T13:02:24.001Z,P1120693,8222,54.47589,18.13459,8723.2,-38.3,RS41,403.000
2018-08-28T13:02:25.001Z,P1120693,8223,54.47562,18.13476,8712.2,-38.2,RS41,403.000
2018-08-28T13:02:26.001Z,P1120693,8224,54.47535,18.13494,8700.8,-38.2,RS41,403.000
2018-08-28T13:02:27.001Z,P1120693,8225,54.47508,18.13512,8689.2,-38.1,RS41,403.000
2018-08-28T13:02:28.001Z,P1120693,8226,54.47482,18.13530,8678.2,-38.0,RS41,403.000
2018-08-28T13:02:29.001Z,P1120693,8227,54.47455,18.13548,8666.9,-37.9,RS41,403.000
2018-08-28T13:02:30.001Z,P1120693,8228,54.47428,18.13565,8655.3,-37.8,RS41,403.000
2018-08-28T13:02:31.001Z,P1120693,8229,54.47401,18.13583,8643.4,-37.7,RS41,403.000
2018-08-28T13:02:32.001Z,P1120693,8230,54.47375,18.13602,8631.5,-37.6,RS41,403.000
2018-08-28T13:02:33.001Z,P1120693,8231,54.47348,18.13620,8619.7,-37.5,RS41,403.000
2018-08-28T13:02:34.001Z,P1120693,8232,54.47322,18.13638,8608.2,-37.4,RS41,403.000
2018-08-28T13:02:35.001Z,P1120693,8233,54.47295,18.13657,8596.6,-37.3,RS41,403.000
2018-08-28T13:02:36.001Z,P1120693,8234,54.47268,18.13675,8584.6,-37.3,RS41,403.000
2018-08-28T13:02:37.001Z,P1120693,8235,54.47241,18.13693,8573.0,-37.3,RS41,403.000
2018-08-28T13:02:38.001Z,P1120693,8236,54.47215,18.13711,8561.6,-37.4,RS41,403.000
2018-08-28T13:02:39.001Z,P1120693,8237,54.47189,18.13730,8550.1,-37.3,RS41,403.000
2018-08-28T13:02:40.001Z,P1120693,8238,54.47163,18.13748,8538.6,-37.3,RS41,403.000
2018-08-28T13:02:41.001Z,P1120693,8239,54.47137,18.13766,8527.0,-37.2,RS41,403.000
2018-08-28T13:02:42.001Z,P1120693,8240,54.47111,18.13785,8515.0,-37.1,RS41,403.000
2018-08-28T13:02:43.001Z,P1120693,8241,54.47085,18.13803,8503.0,-37.1,RS41,403.000
2018-08-28T13:02:44.001Z,P1120693,8242,54.47060,18.13821,8491.3,-37.1,RS41,403.000
2018-08-28T13:02:45.001Z,P1120693,8243,54.47034,18.13840,8479.9,-37.1,RS41,403.000
2018-08-28T13:02:46.001Z,P1120693,8244,54.47009,18.13858,8468.8,-37.1,RS41,403.000
2018-08-28T13:02:47.001Z,P1120693,8245,54.46984,18.13877,8457.5,-37.1,RS41,403.000
2018-08-28T13:02:48.001Z,P1120693,8246,54.46959,18.13895,8446.1,-37.0,RS41,403.000
2018-08-28T13:02:49.001Z,P1120693,8247,54.46935,18.13914,8435.0,-37.0,RS41,403.000
2018-08-28T13:02:50.001Z,P1120693,8248,54.46910,18.13933,8423.9,-37.0,RS41,403.000
2018-08-28T13:02:51.001Z,P1120693,8249,54.46886,18.13952,8412.8,-36.9,RS41,403.000
2018-08-28T13:02:52.001Z,P1120693,8250,54.46862,18.13970,8401.4,-36.9,RS41,403.000
2018-08-28T13:02:53.001Z,P1120693,8251,54.46838,18.13988,8389.6,-36.8,RS41,403.000
2018-08-28T13:02:54.001Z,P1120693,8252,54.46814,18.14005,8377.8,-36.7,RS41,403.000
2018-08-28T13:02:55.001Z,P1120693,8253,54.46791,18.14023,8366.4,-36.6,RS41,403.000
2018-08-28T13:02:56.001Z,P1120693,8254,54.46767,18.14040,8355.0,-36.6,RS41,403.000
2018-08-28T13:02:57.001Z,P1120693,8255,54.46743,18.14058,8343.9,-36.5,RS41,403.000
2018-08-28T13:02:58.001Z,P1120693,8256,54.46720,18.14075,8332.9,-36.5,RS41,403.000
2018-08-28T13:02:59.001Z,P1120693,8257,54.46697,18.14093,8322.1,-36.4,RS41,403.000
2018-08-28T13:03:00.001Z,P1120693,8258,54.46673,18.14111,8311.5,-36.3,RS41,403.000
2018-08-28T13:03:01.001Z,P1120693,8259,54.46650,18.14128,8300.6,-36.3,RS41,403.000
2018-08-28T13:03:02.001Z,P1120693,8260,54.46627,18.14145,8289.5,-36.2,RS41,403.000
2018-08-28T13:03:03.001Z,P1120693,8261,54.46604,18.14162,8278.6,-36.1,RS41,403.000
2018-08-28T13:03:04.001Z,P1120693,8262,54.46581,18.14180,8267.5,-36.0,RS41,403.000
2018-08-28T13:03:05.001Z,P1120693,8263,54.46559,18.14198,8256.5,-36.0,RS41,403.000
2018-08-28T13:03:06.001Z,P1120693,8264,54.46538,18.14216,8245.1,-35.9,RS41,403.000
2018-08-28T13:03:07.001Z,P1120693,8265,54.46516,18.14234,8233.5,-35.8,RS41,403.000
2018-08-28T13:03:08.001Z,P1120693,8266,54.46494,18.14253,8221.7,-35.8,RS41,403.000
2018-08-28T13:03:09.001Z,P1120693,8267,54.46473,18.14271,8209.8,-35.7,RS41,403.000
2018-08-28T13:03:10.001Z,P1120693,8268,54.46451,18.14289,8198.5,-35.7,RS41,403.000
2018-08-28T13:03:11.001Z,P1120693,8269,54.46430,18.14308,8187.2,-35.6,RS41,403.000
2018-08-28T13:03:12.001Z,P1120693,8270,54.46408,18.14325,8176.0,-35.5,RS41,403.000
2018-08-28T13:03:13.001Z,P1120693,8271,54.46387,18.14343,8165.1,-35.4,RS41,403.000
2018-08-28T13:03:14.001Z,P1120693,8272,54.46366,18.14360,8154.1,-35.3,RS41,403.000
2018-08-28T13:03:15.001Z,P1120693,8273,54.46344,18.14377,8143.3,-35.2,RS41,403.000
2018-08-28T13:03:16.001Z,P1120693,8274,54.46323,18.14394,8132.8,-35.2,RS41,403.000
2018-08-28T13:03:17.001Z,P1120693,8275,54.46302,18.14410,8122.0,-35.1,RS41,403.000
2018-08-28T13:03:18.001Z,P1120693,8276,54.46281,18.14427,8111.1,-35.0,RS41,403.000
2018-08-28T13:03:19.001Z,P1120693,8277,54.46260,18.14443,8100.2,-35.0,RS41,403.000
2018-08-28T13:03:20.001Z,P1120693,8278,54.46239,18.14459,8089.3,-35.0,RS41,403.000
2018-08-28T13:03:21.001Z,P1120693,8279,54.46218,18.14475,8078.0,-34.9,RS41,403.000
2018-08-28T13:03:22.001Z,P1120693,8280,54.46198,18.14490,8067.3,-34.9,RS41,403.000
2018-08-28T13:03:23.001Z,P1120693,8281,54.46177,18.14506,8056.8,-34.8,RS41,403.000
2018-08-28T13:03:24.001Z,P1120693,8282,54.46156,18.14522,8046.2,-34.7,RS41,403.000
2018-08-28T13:03:25.001Z,P1120693,8283,54.46136,18.14538,8036.0,-34.7,RS41,403.000
2018-08-28T13:03:26.001Z,P1120693,8284,54.46115,18.14554,8026.0,-34.6,RS41,403.000
2018-08-28T13:03:27.001Z,P1120693,8285,54.46095,18.14570,8015.7,-34.5,RS41,403.000
2018-08-28T13:03:28.001Z,P1120693,8286,54.46074,18.14586,8005.2,-34.5,RS41,403.000
2018-08-28T13:03:29.001Z,P1120693,8287,54.46054,18.14601,7995.1,-34.4,RS41,403.000
2018-08-28T13:03:30.001Z,P1120693,8288,54.46033,18.14616,7985.1,-34.4,RS41,403.000
2018-08-28T13:03:31.001Z,P1120693,8289,54.46013,18.14631,7975.0,-34.3,RS41,403.000
2018-08-28T13:03:32.001Z,P1120693,8290,54.45992,18.14645,7964.7,-34.3,RS41,403.000
2018-08-28T13:03:33.001Z,P1120693,8291,54.45972,18.14659,7954.1,-34.2,RS41,403.000
2018-08-28T13:03:34.001Z,P1120693,8292,54.45951,18.14674,7944.0,-34.1,RS41,403.000
2018-08-28T13:03:35.001Z,P1120693,8293,54.45931,18.14688,7934.1,-34.0,RS41,403.000
2018-08-28T13:03:36.001Z,P1120693,8294,54.45910,18.14702,7923.8,-34.0,RS41,403.000
2018-08-28T13:03:37.001Z,P1120693,8295,54.45889,18.14717,7913.1,-33.9,RS41,403.000
2018-08-28T13:03:38.001Z,P1120693,8296,54.45868,18.14731,7902.6,-33.8,RS41,403.000
2018-08-28T13:03:39.001Z,P1120693,8297,54.45847,18.14745,7892.7,-33.7,RS41,403.000
2018-08-28T13:03:40.001Z,P1120693,8298,54.45826,18.14759,7882.9,-33.6,RS41,403.000
2018-08-28T13:03:41.001Z,P1120693,8299,54.45804,18.14772,7872.8,-33.5,RS41,403.000
2018-08-28T13:03:42.001Z,P1120693,8300,54.45783,18.14785,7862.8,-33.4,RS41,403.000
2018-08-28T13:03:43.001Z,P1120693,8301,54.45761,18.14799,7852.8,-33.3,RS41,403.000
2018-08-28T13:03:44.001Z,P1120693,8302,54.45740,18.14812,7842.9,-33.2,RS41,403.000
2018-08-28T13:03:45.001Z,P1120693,8303,54.45718,18.14825,7833.3,-33.1,RS41,403.000
2018-08-28T13:03:46.001Z,P1120693,8304,54.45696,18.14839,7823.6,-33.0,RS41,403.000
2018-08-28T13:03:47.001Z,P1120693,8305,54.45675,18.14852,7813.8,-33.0,RS41,403.000
2018-08-28T13:03:48.001Z,P1120693,8306,54.45653,18.14865,7803.5,-32.9,RS41,403.000
2018-08-28T13:03:49.001Z,P1120693,8307,54.45632,18.14879,7793.7,-32.8,RS41,403.000
2018-08-28T13:03:50.001Z,P1120693,8308,54.45610,18.14892,7783.9,-32.7,RS41,403.000
2018-08-28T13:03:51.001Z,P1120693,8309,54.45589,18.14905,7774.1,-32.6,RS41,403.000
2018-08-28T13:03:52.001Z,P1120693,8310,54.45567,18.14918,7764.3,-32.5,RS41,403.000
2018-08-28T13:03:53.001Z,P1120693,8311,54.45546,18.14930,7754.3,-32.5,RS41,403.000
2018-08-28T13:03:54.001Z,P1120693,8312,54.45524,18.14943,7743.6,-32.4,RS41,403.000
2018-08-28T13:03:55.001Z,P1120693,8313,54.45502,18.14956,7732.9,-32.3,RS41,403.000
2018-08-28T13:03:56.001Z,P1120693,8314,54.45481,18.14969,7722.0,-32.3,RS41,403.000
2018-08-28T13:03:57.001Z,P1120693,8315,54.45459,18.14983,7710.3,-32.3,RS41,403.000
2018-08-28T13:03:58.001Z,P1120693,8316,54.45438,18.14996,7697.3,-32.3,RS41,403.000
2018-08-28T13:03:59.001Z,P1120693,8317,54.45417,18.15010,7683.8,-32.2,RS41,403.000
2018-08-28T13:04:00.001Z,P1120693,8318,54.45396,18.15024,7670.2,-32.2,RS41,403.000
2018-08-28T13:04:01.001Z,P1120693,8319,54.45375,18.15038,7658.1,-32.1,RS41,403.000
2018-08-28T13:04:02.001Z,P1120693,8320,54.45354,18.15053,7647.7,-32.1,RS41,403.000
2018-08-28T13:04:03.001Z,P1120693,8321,54.45334,18.15067,7638.0,-32.0,RS41,403.000
2018-08-28T13:04:04.001Z,P1120693,8322,54.45314,18.15081,7628.0,-32.0,RS41,403.000
2018-08-28T13:04:05.001Z,P1120693,8323,54.45294,18.15094,7618.3,-31.9,RS41,403.000
2018-08-28T13:04:06.001Z,P1120693,8324,54.45274,18.15108,7608.3,-31.8,RS41,403.000
2018-08-28T13:04:07.001Z,P1120693,8325,54.45255,18.15122,7598.0,-31.7,RS41,403.000
2018-08-28T13:04:08.001Z,P1120693,8326,54.45235,18.15136,7587.1,-31.6,RS41,403.000
2018-08-28T13:04:09.001Z,P1120693,8327,54.45216,18.15150,7574.4,-31.5,RS41,403.000
2018-08-28T13:04:10.001Z,P1120693,8328,54.45196,18.15164,7561.1,-31.4,RS41,403.000
2018-08-28T13:04:11.001Z,P1120693,8329,54.45177,18.15178,7548.9,-31.3,RS41,403.000
2018-08-28T13:04:12.001Z,P1120693,8330,54.45157,18.15193,7537.8,-31.2,RS41,403.000
2018-08-28T13:04:13.001Z,P1120693,8331,54.45138,18.15207,7527.2,-31.1,RS41,403.000
2018-08-28T13:04:14.001Z,P1120693,8332,54.45118,18.15222,7517.1,-31.0,RS41,403.000
2018-08-28T13:04:15.001Z,P1120693,8333,54.45099,18.15237,7507.2,-30.9,RS41,403.000
2018-08-28T13:04:16.001Z,P1120693,8334,54.45080,18.15251,7497.7,-30.8,RS41,403.000
2018-08-28T13:04:17.001Z,P1120693,8335,54.45060,18.15266,7487.3,-30.8,RS41,403.000
2018-08-28T13:04:18.001Z,P1120693,8336,54.45041,18.15280,7476.7,-30.7,RS41,403.000
2018-08-28T13:04:19.001Z,P1120693,8337,54.45021,18.15295,7465.9,-30.6,RS41,403.000
2018-08-28T13:04:20.001Z,P1120693,8338,54.45002,18.15309,7455.0,-30.6,RS41,403.000
2018-08-28T13:04:21.001Z,P1120693,8339,54.44982,18.15323,7443.1,-30.5,RS41,403.000
2018-08-28T13:04:22.001Z,P1120693,8340,54.44963,18.15337,7430.4,-30.3,RS41,403.000
2018-08-28T13:04:23.001Z,P1120693,8341,54.44943,18.15351,7417.1,-30.2,RS41,403.000
2018-08-28T13:04:24.001Z,P1120693,8342,54.44924,18.15365,7403.9,-30.1,RS41,403.000
2018-08-28T13:04:25.001Z,P1120693,8343,54.44905,18.15379,7390.2,-30.1,RS41,403.000
2018-08-28T13:04:26.001Z,P1120693,8344,54.44886,18.15392,7376.9,-30.0,RS41,403.000
2018-08-28T13:04:27.001Z,P1120693,8345,54.44868,18.15405,7364.5,-29.9,RS41,403.000
2018-08-28T13:04:28.001Z,P1120693,8346,54.44849,18.15418,7352.3,-29.8,RS41,403.000
2018-08-28T13:04:29.001Z,P1120693,8347,54.44830,18.15432,7339.9,-29.7,RS41,403.000
2018-08-28T13:04:30.001Z,P1120693,8348,54.44812,18.15445,7327.9,-29.6,RS41,403.000
2018-08-28T13:04:31.001Z,P1120693,8349,54.44794,18.15459,7317.3,-29.6,RS41,403.000
2018-08-28T13:04:32.001Z,P1120693,8350,54.44775,18.15472,7306.8,-29.5,RS41,403.000
2018-08-28T13:04:33.001Z,P1120693,8351,54.44757,18.15485,7295.2,-29.4,RS41,403.000
2018-08-28T13:04:34.001Z,P1120693,8352,54.44739,18.15499,7283.2,-29.3,RS41,403.000
2018-08-28T13:04:35.001Z,P1120693,8353,54.44721,18.15512,7270.1,-29.2,RS41,403.000
2018-08-28T13:04:36.001Z,P1120693,8354,54.44703,18.15526,7258.1,-29.1,RS41,403.000
2018-08-28T13:04:37.001Z,P1120693,8355,54.44686,18.15540,7246.7,-29.0,RS41,403.000
2018-08-28T13:04:38.001Z,P1120693,8356,54.44668,18.15553,7235.7,-28.9,RS41,403.000
2018-08-28T13:04:39.001Z,P1120693,8357,54.44650,18.15568,7225.0,-28.8,RS41,403.000
2018-08-28T13:04:40.001Z,P1120693,8358,54.44633,18.15581,7214.8,-28.7,RS41,403.000
2018-08-28T13:04:41.001Z,P1120693,8359,54.44616,18.15596,7204.1,-28.7,RS41,403.000
2018-08-28T13:04:42.001Z,P1120693,8360,54.44599,18.15610,7193.0,-28.6,RS41,403.000
2018-08-28T13:04:43.001Z,P1120693,8361,54.44582,18.15624,7181.8,-28.5,RS41,403.000
2018-08-28T13:04:44.001Z,P1120693,8362,54.44565,18.15638,7171.0,-28.4,RS41,403.000
2018-08-28T13:04:45.001Z,P1120693,8363,54.44548,18.15653,7161.0,-28.3,RS41,403.000
2018-08-28T13:04:46.001Z,P1120693,8364,54.44531,18.15667,7150.8,-28.2,RS41,403.000
2018-08-28T13:04:47.001Z,P1120693,8365,54.44514,18.15681,7140.5,-28.1,RS41,403.000
2018-08-28T13:04:48.001Z,P1120693,8366,54.44498,18.15695,7129.7,-28.0,RS41,403.000
2018-08-28T13:04:49.001Z,P1120693,8367,54.44482,18.15709,7118.6,-27.9,RS41,403.000
2018-08-28T13:04:50.001Z,P1120693,8368,54.44465,18.15723,7106.9,-27.9,RS41,403.000
2018-08-28T13:04:51.001Z,P1120693,8369,54.44448,18.15736,7095.3,-27.7,RS41,403.000
2018-08-28T13:04:52.001Z,P1120693,8370,54.44432,18.15750,7083.3,-27.7,RS41,403.000
2018-08-28T13:04:53.001Z,P1120693,8371,54.44415,18.15763,7071.3,-27.6,RS41,403.000
2018-08-28T13:04:54.001Z,P1120693,8372,54.44399,18.15777,7059.7,-27.5,RS41,403.000
2018-08-28T13:04:55.001Z,P1120693,8373,54.44382,18.15790,7047.6,-27.5,RS41,403.000
2018-08-28T13:04:56.001Z,P1120693,8374,54.44366,18.15804,7035.5,-27.4,RS41,403.000
2018-08-28T13:04:57.001Z,P1120693,8375,54.44349,18.15817,7023.6,-27.4,RS41,403.000
2018-08-28T13:04:58.001Z,P1120693,8376,54.44333,18.15830,7011.9,-27.3,RS41,403.000
2018-08-28T13:04:59.001Z,P1120693,8377,54.44316,18.15844,7000.3,-27.3,RS41,403.000
2018-08-28T13:05:00.001Z,P1120693,8378,54.44300,18.15857,6988.6,-27.2,RS41,403.000
2018-08-28T13:05:01.001Z,P1120693,8379,54.44283,18.15871,6977.6,-27.1,RS41,403.000
2018-08-28T13:05:02.001Z,P1120693,8380,54.44267,18.15884,6966.3,-27.0,RS41,403.000
2018-08-28T13:05:03.001Z,P1120693,8381,54.44250,18.15898,6954.9,-26.9,RS41,403.000
2018-08-28T13:05:04.001Z,P1120693,8382,54.44234,18.15912,6943.0,-26.9,RS41,403.000
2018-08-28T13:05:05.001Z,P1120693,8383,54.44218,18.15925,6931.8,-26.8,RS41,403.000
2018-08-28T13:05:06.001Z,P1120693,8384,54.44201,18.15938,6920.2,-26.7,RS41,403.000
2018-08-28T13:05:07.001Z,P1120693,8385,54.44185,18.15953,6908.5,-26.6,RS41,403.000
2018-08-28T13:05:08.001Z,P1120693,8386,54.44169,18.15967,6896.7,-26.5,RS41,403.000
2018-08-28T13:05:09.001Z,P1120693,8387,54.44153,18.15981,6885.0,-26.4,RS41,403.000
2018-08-28T13:05:10.001Z,P1120693,8388,54.44137,18.15995,6873.8,-26.3,RS41,403.000
2018-08-28T13:05:11.001Z,P1120693,8389,54.44120,18.16009,6862.2,-26.2,RS41,403.000
2018-08-28T13:05:12.001Z,P1120693,8390,54.44103,18.16023,6850.8,-26.2,RS41,403.000
2018-08-28T13:05:13.001Z,P1120693,8391,54.44086,18.16038,6839.8,-26.1,RS41,403.000
2018-08-28T13:05:14.001Z,P1120693,8392,54.44069,18.16053,6828.0,-26.0,RS41,403.000
2018-08-28T13:05:15.001Z,P1120693,8393,54.44053,18.16069,6816.6,-25.9,RS41,403.000
2018-08-28T13:05:16.001Z,P1120693,8394,54.44036,18.16084,6805.3,-25.8,RS41,403.000
2018-08-28T13:05:17.001Z,P1120693,8395,54.44019,18.16100,6793.8,-25.7,RS41,403.000
2018-08-28T13:05:18.001Z,P1120693,8396,54.44003,18.16115,6782.7,-25.6,RS41,403.000
2018-08-28T13:05:19.001Z,P1120693,8397,54.43986,18.16131,6771.3,-25.5,RS41,403.000
2018-08-28T13:05:20.001Z,P1120693,8398,54.43970,18.16146,6759.8,-25.3,RS41,403.000
2018-08-28T13:05:21.001Z,P1120693,8399,54.43954,18.16161,6748.0,-25.2,RS41,403.000
2018-08-28T13:05:22.001Z,P1120693,8400,54.43937,18.16177,6736.5,-25.1,RS41,403.000
2018-08-28T13:05:23.001Z,P1120693,8401,54.43921,18.16192,6724.9,-25.0,RS41,403.000
2018-08-28T13:05:24.001Z,P1120693,8402,54.43905,18.16206,6713.6,-24.9,RS41,403.000
2018-08-28T13:05:25.001Z,P1120693,8403,54.43888,18.16221,6701.8,-24.8,RS41,403.000
2018-08-28T13:05:26.001Z,P1120693,8404,54.43871,18.16235,6690.3,-24.7,RS41,403.000
2018-08-28T13:05:27.001Z,P1120693,8405,54.43854,18.16249,6678.9,-24.6,RS41,403.000
2018-08-28T13:05:28.001Z,P1120693,8406,54.43838,18.16263,6667.7,-24.5,RS41,403.000
2018-08-28T13:05:29.001Z,P1120693,8407,54.43821,18.16277,6656.3,-24.4,RS41,403.000
2018-08-28T13:05:30.001Z,P1120693,8408,54.43805,18.16292,6645.1,-24.4,RS41,403.000
2018-08-28T13:05:31.001Z,P1120693,8409,54.43788,18.16307,6634.1,-24.3,RS41,403.000
2018-08-28T13:05:32.001Z,P1120693,8410,54.43772,18.16322,6622.9,-24.2,RS41,403.000
2018-08-28T13:05:33.001Z,P1120693,8411,54.43756,18.16337,6611.1,-24.1,RS41,403.000
2018-08-28T13:05:34.001Z,P1120693,8412,54.43740,18.16352,6599.8,-24.0,RS41,403.000
2018-08-28T13:05:35.001Z,P1120693,8413,54.43723,18.16367,6588.1,-23.9,RS41,403.000
2018-08-28T13:05:36.001Z,P1120693,8414,54.43707,18.16381,6577.0,-23.8,RS41,403.000
2018-08-28T13:05:37.001Z,P1120693,8415,54.43691,18.16396,6565.7,-23.7,RS41,403.000
2018-08-28T13:05:38.001Z,P1120693,8416,54.43674,18.16410,6554.3,-23.6,RS41,403.000
2018-08-28T13:05:39.001Z,P1120693,8417,54.43658,18.16424,6543.3,-23.5,RS41,403.000
2018-08-28T13:05:40.001Z,P1120693,8418,54.43642,18.16438,6532.4,-23.4,RS41,403.000
2018-08-28T13:05:41.001Z,P1120693,8419,54.43627,18.16452,6521.9,-23.3,RS41,403.000
2018-08-28T13:05:42.001Z,P1120693,8420,54.43612,18.16467,6510.9,-23.2,RS41,403.000
2018-08-28T13:05:43.001Z,P1120693,8421,54.43596,18.16481,6499.4,-23.1,RS41,403.000
2018-08-28T13:05:44.001Z,P1120693,8422,54.43581,18.16497,6487.1,-23.0,RS41,403.000
2018-08-28T13:05:45.001Z,P1120693,8423,54.43566,18.16512,6475.5,-22.9,RS41,403.000
2018-08-28T13:05:46.001Z,P1120693,8424,54.43550,18.16528,6463.7,-22.8,RS41,403.000
2018-08-28T13:05:47.001Z,P1120693,8425,54.43534,18.16543,6452.4,-22.7,RS41,403.000
2018-08-28T13:05:48.001Z,P1120693,8426,54.43519,18.16557,6440.9,-22.6,RS41,403.000
2018-08-28T13:05:49.001Z,P1120693,8427,54.43504,18.16572,6429.6,-22.6,RS41,403.000
2018-08-28T13:05:50.001Z,P1120693,8428,54.43488,18.16587,6418.6,-22.5,RS41,403.000
2018-08-28T13:05:51.001Z,P1120693,8429,54.43473,18.16602,6406.9,-22.4,RS41,403.000
2018-08-28T13:05:52.001Z,P1120693,8430,54.43457,18.16617,6395.6,-22.3,RS41,403.000
2018-08-28T13:05:53.001Z,P1120693,8431,54.43441,18.16632,6384.2,-22.2,RS41,403.000
2018-08-28T13:05:54.001Z,P1120693,8432,54.43425,18.16646,6372.8,-22.1,RS41,403.000
2018-08-28T13:05:55.001Z,P1120693,8433,54.43410,18.16660,6361.5,-22.0,RS41,403.000
2018-08-28T13:05:56.001Z,P1120693,8434,54.43395,18.16675,6349.9,-21.9,RS41,403.000
2018-08-28T13:05:57.001Z,P1120693,8435,54.43380,18.16691,6337.9,-21.8,RS41,403.000
2018-08-28T13:05:58.001Z,P1120693,8436,54.43364,18.16706,6325.5,-21.7,RS41,403.000
2018-08-28T13:05:59.001Z,P1120693,8437,54.43348,18.16721,6313.6,-21.6,RS41,403.000
2018-08-28T13:06:00.001Z,P1120693,8438,54.43333,18.16737,6301.6,-21.6,RS41,403.000
2018-08-28T13:06:01.001Z,P1120693,8439,54.43317,18.16751,6290.3,-21.5,RS41,403.000
2018-08-28T13:06:02.001Z,P1120693,8440,54.43302,18.16766,6278.8,-21.5,RS41,403.000
2018-08-28T13:06:03.001Z,P1120693,8441,54.43286,18.16781,6267.1,-21.3,RS41,403.000
2018-08-28T13:06:04.001Z,P1120693,8442,54.43271,18.16796,6254.3,-21.2,RS41,403.000
2018-08-28T13:06:05.001Z,P1120693,8443,54.43255,18.16810,6241.7,-21.1,RS41,403.000
2018-08-28T13:06:06.001Z,P1120693,8444,54.43240,18.16825,6228.7,-21.0,RS41,403.000
2018-08-28T13:06:07.001Z,P1120693,8445,54.43225,18.16840,6216.3,-20.9,RS41,403.000
2018-08-28T13:06:08.001Z,P1120693,8446,54.43210,18.16854,6204.2,-20.8,RS41,403.000
2018-08-28T13:06:09.001Z,P1120693,8447,54.43194,18.16868,6191.3,-20.6,RS41,403.000
2018-08-28T13:06:10.001Z,P1120693,8448,54.43179,18.16883,6178.6,-20.5,RS41,403.000
2018-08-28T13:06:11.001Z,P1120693,8449,54.43164,18.16898,6165.8,-20.4,RS41,403.000
2018-08-28T13:06:12.001Z,P1120693,8450,54.43149,18.16912,6153.6,-20.3,RS41,403.000
2018-08-28T13:06:13.001Z,P1120693,8451,54.43134,18.16927,6140.6,-20.2,RS41,403.000
2018-08-28T13:06:14.001Z,P1120693,8452,54.43119,18.16941,6127.9,-20.1,RS41,403.000
2018-08-28T13:06:15.001Z,P1120693,8453,54.43104,18.16956,6115.1,-20.0,RS41,403.000
2018-08-28T13:06:16.001Z,P1120693,8454,54.43089,18.16972,6102.7,-20.0,RS41,403.000
2018-08-28T13:06:17.001Z,P1120693,8455,54.43074,18.16987,6090.9,-19.9,RS41,403.000
2018-08-28T13:06:18.001Z,P1120693,8456,54.43059,18.17002,6078.6,-19.8,RS41,403.000
2018-08-28T13:06:19.001Z,P1120693,8457,54.43044,18.17017,6066.3,-19.7,RS41,403.000
2018-08-28T13:06:20.001Z,P1120693,8458,54.43029,18.17032,6053.9,-19.6,RS41,403.000
2018-08-28T13:06:21.001Z,P1120693,8459,54.43014,18.17047,6041.7,-19.5,RS41,403.000
2018-08-28T13:06:22.001Z,P1120693,8460,54.42999,18.17061,6029.7,-19.4,RS41,403.000
2018-08-28T13:06:23.001Z,P1120693,8461,54.42983,18.17076,6017.8,-19.3,RS41,403.000
2018-08-28T13:06:24.001Z,P1120693,8462,54.42968,18.17091,6005.6,-19.2,RS41,403.000
2018-08-28T13:06:25.001Z,P1120693,8463,54.42954,18.17105,5993.2,-19.2,RS41,403.000
2018-08-28T13:06:26.001Z,P1120693,8464,54.42939,18.17120,5981.8,-19.1,RS41,403.000
2018-08-28T13:06:27.001Z,P1120693,8465,54.42924,18.17134,5970.8,-19.0,RS41,403.000
2018-08-28T13:06:28.001Z,P1120693,8466,54.42909,18.17148,5960.4,-18.9,RS41,403.000
2018-08-28T13:06:29.001Z,P1120693,8467,54.42895,18.17163,5950.3,-18.9,RS41,403.000
2018-08-28T13:06:30.001Z,P1120693,8468,54.42880,18.17178,5939.6,-18.8,RS41,403.000
2018-08-28T13:06:31.001Z,P1120693,8469,54.42864,18.17192,5929.7,-18.7,RS41,403.000
2018-08-28T13:06:32.001Z,P1120693,8470,54.42849,18.17206,5919.7,-18.7,RS41,403.000
2018-08-28T13:06:33.001Z,P1120693,8471,54.42834,18.17219,5908.9,-18.6,RS41,403.000
2018-08-28T13:06:34.001Z,P1120693,8472,54.42820,18.17234,5898.3,-18.5,RS41,403.000
2018-08-28T13:06:35.001Z,P1120693,8473,54.42805,18.17249,5887.6,-18.4,RS41,403.000
2018-08-28T13:06:36.001Z,P1120693,8474,54.42792,18.17265,5876.6,-18.3,RS41,403.000
2018-08-28T13:06:37.001Z,P1120693,8475,54.42777,18.17281,5865.0,-18.2,RS41,403.000
2018-08-28T13:06:38.001Z,P1120693,8476,54.42763,18.17297,5854.0,-18.1,RS41,403.000
2018-08-28T13:06:39.001Z,P1120693,8477,54.42747,18.17312,5843.3,-18.1,RS41,403.000
2018-08-28T13:06:40.001Z,P1120693,8478,54.42733,18.17326,5832.4,-18.0,RS41,403.000
2018-08-28T13:06:41.001Z,P1120693,8479,54.42719,18.17341,5821.8,-18.0,RS41,403.000
2018-08-28T13:06:42.001Z,P1120693,8480,54.42704,18.17357,5810.0,-18.0,RS41,403.000
2018-08-28T13:06:43.001Z,P1120693,8481,54.42689,18.17373,5798.3,-18.0,RS41,403.000
2018-08-28T13:06:44.001Z,P1120693,8482,54.42675,18.17388,5787.1,-18.0,RS41,403.000
2018-08-28T13:06:45.001Z,P1120693,8483,54.42661,18.17403,5775.8,-17.9,RS41,403.000
2018-08-28T13:06:46.001Z,P1120693,8484,54.42647,18.17419,5764.1,-17.8,RS41,403.000
2018-08-28T13:06:47.001Z,P1120693,8485,54.42632,18.17434,5753.2,-17.7,RS41,403.000
2018-08-28T13:06:48.001Z,P1120693,8486,54.42618,18.17448,5742.8,-17.7,RS41,403.000
2018-08-28T13:06:49.001Z,P1120693,8487,54.42605,18.17463,5733.2,-17.6,RS41,403.000
2018-08-28T13:06:50.001Z,P1120693,8488,54.42591,18.17479,5724.3,-17.5,RS41,403.000
2018-08-28T13:06:51.001Z,P1120693,8489,54.42578,18.17494,5714.9,-17.4,RS41,403.000
2018-08-28T13:06:52.001Z,P1120693,8490,54.42564,18.17509,5705.3,-17.4,RS41,403.000
2018-08-28T13:06:53.001Z,P1120693,8491,54.42550,18.17524,5695.8,-17.3,RS41,403.000
2018-08-28T13:06:54.001Z,P1120693,8492,54.42536,18.17539,5686.5,-17.3,RS41,403.000
2018-08-28T13:06:55.001Z,P1120693,8493,54.42523,18.17555,5677.9,-17.2,RS41,403.000
2018-08-28T13:06:56.001Z,P1120693,8494,54.42509,18.17570,5668.5,-17.1,RS41,403.000
2018-08-28T13:06:57.001Z,P1120693,8495,54.42496,18.17585,5658.5,-17.1,RS41,403.000
2018-08-28T13:06:58.001Z,P1120693,8496,54.42483,18.17601,5649.0,-17.0,RS41,403.000
2018-08-28T13:06:59.001Z,P1120693,8497,54.42469,18.17616,5638.7,-16.9,RS41,403.000
2018-08-28T13:07:00.001Z,P1120693,8498,54.42455,18.17631,5627.9,-16.9,RS41,403.000
2018-08-28T13:07:01.001Z,P1120693,8499,54.42442,18.17647,5618.1,-16.8,RS41,403.000
2018-08-28T13:07:02.001Z,P1120693,8500,54.42428,18.17662,5608.8,-16.7,RS41,403.000
2018-08-28T13:07:03.001Z,P1120693,8501,54.42415,18.17677,5599.9,-16.7,RS41,403.000
2018-08-28T13:07:04.001Z,P1120693,8502,54.42402,18.17693,5590.2,-16.6,RS41,403.000
2018-08-28T13:07:05.001Z,P1120693,8503,54.42388,18.17708,5580.2,-16.6,RS41,403.000
2018-08-28T13:07:06.001Z,P1120693,8504,54.42374,18.17723,5570.8,-16.5,RS41,403.000
2018-08-28T13:07:07.001Z,P1120693,8505,54.42360,18.17737,5561.7,-16.4,RS41,403.000
2018-08-28T13:07:08.001Z,P1120693,8506,54.42346,18.17751,5552.5,-16.4,RS41,403.000
2018-08-28T13:07:09.001Z,P1120693,8507,54.42332,18.17765,5543.0,-16.3,RS41,403.000
2018-08-28T13:07:10.001Z,P1120693,8508,54.42319,18.17779,5533.9,-16.2,RS41,403.000
2018-08-28T13:07:11.001Z,P1120693,8509,54.42305,18.17794,5524.9,-16.1,RS41,403.000
2018-08-28T13:07:12.001Z,P1120693,8510,54.42292,18.17808,5516.6,-16.1,RS41,403.000
2018-08-28T13:07:13.001Z,P1120693,8511,54.42278,18.17822,5507.6,-16.0,RS41,403.000
2018-08-28T13:07:14.001Z,P1120693,8512,54.42264,18.17837,5497.8,-15.9,RS41,403.000
2018-08-28T13:07:15.001Z,P1120693,8513,54.42250,18.17851,5488.2,-15.9,RS41,403.000
2018-08-28T13:07:16.001Z,P1120693,8514,54.42236,18.17865,5478.9,-15.9,RS41,403.000
2018-08-28T13:07:17.001Z,P1120693,8515,54.42223,18.17879,5469.9,-15.9,RS41,403.000
2018-08-28T13:07:18.001Z,P1120693,8516,54.42210,18.17893,5460.8,-15.8,RS41,403.000
2018-08-28T13:07:19.001Z,P1120693,8517,54.42196,18.17906,5450.9,-15.8,RS41,403.000
2018-08-28T13:07:20.001Z,P1120693,8518,54.42183,18.17920,5441.2,-15.8,RS41,403.000
2018-08-28T13:07:21.001Z,P1120693,8519,54.42170,18.17934,5431.0,-15.7,RS41,403.000
2018-08-28T13:07:22.001Z,P1120693,8520,54.42157,18.17948,5421.5,-15.6,RS41,403.000
2018-08-28T13:07:23.001Z,P1120693,8521,54.42145,18.17962,5412.2,-15.5,RS41,403.000
2018-08-28T13:07:24.001Z,P1120693,8522,54.42132,18.17977,5402.8,-15.5,RS41,403.000
2018-08-28T13:07:25.001Z,P1120693,8523,54.42119,18.17992,5393.3,-15.4,RS41,403.000
2018-08-28T13:07:26.001Z,P1120693,8524,54.42107,18.18007,5383.8,-15.5,RS41,403.000
2018-08-28T13:07:27.001Z,P1120693,8525,54.42094,18.18022,5374.5,-15.5,RS41,403.000
2018-08-28T13:07:28.001Z,P1120693,8526,54.42082,18.18037,5365.2,-15.4,RS41,403.000
2018-08-28T13:07:29.001Z,P1120693,8527,54.42070,18.18051,5355.3,-15.4,RS41,403.000
2018-08-28T13:07:30.001Z,P1120693,8528,54.42058,18.18067,5345.5,-15.4,RS41,403.000
2018-08-28T13:07:31.001Z,P1120693,8529,54.42046,18.18082,5335.8,-15.3,RS41,403.000
2018-08-28T13:07:32.001Z,P1120693,8530,54.42034,18.18098,5326.2,-15.2,RS41,403.000
2018-08-28T13:07:33.001Z,P1120693,8531,54.42022,18.18112,5317.2,-15.1,RS41,403.000
2018-08-28T13:07:34.001Z,P1120693,8532,54.42010,18.18128,5308.7,-15.1,RS41,403.000
2018-08-28T13:07:35.001Z,P1120693,8533,54.41999,18.18144,5299.7,-15.0,RS41,403.000
2018-08-28T13:07:36.001Z,P1120693,8534,54.41987,18.18160,5289.5,-14.9,RS41,403.000
2018-08-28T13:07:37.001Z,P1120693,8535,54.41975,18.18175,5280.0,-14.8,RS41,403.000
2018-08-28T13:07:38.001Z,P1120693,8536,54.41964,18.18190,5270.5,-14.7,RS41,403.000
2018-08-28T13:07:39.001Z,P1120693,8537,54.41952,18.18206,5260.9,-14.6,RS41,403.000
2018-08-28T13:07:40.001Z,P1120693,8538,54.41941,18.18221,5251.4,-14.5,RS41,403.000
2018-08-28T13:07:41.001Z,P1120693,8539,54.41929,18.18236,5241.3,-14.4,RS41,403.000
2018-08-28T13:07:42.001Z,P1120693,8540,54.41918,18.18252,5231.1,-14.3,RS41,403.000
2018-08-28T13:07:43.001Z,P1120693,8541,54.41907,18.18268,5222.1,-14.2,RS41,403.000
2018-08-28T13:07:44.001Z,P1120693,8542,54.41895,18.18284,5212.6,-14.1,RS41,403.000
2018-08-28T13:07:45.001Z,P1120693,8543,54.41884,18.18300,5203.3,-14.1,RS41,403.000
2018-08-28T13:07:46.001Z,P1120693,8544,54.41873,18.18315,5193.6,-14.0,RS41,403.000
2018-08-28T13:07:47.001Z,P1120693,8545,54.41862,18.18331,5184.3,-13.9,RS41,403.000
2018-08-28T13:07:48.001Z,P1120693,8546,54.41850,18.18347,5176.6,-13.9,RS41,403.000
2018-08-28T13:07:49.001Z,P1120693,8547,54.41839,18.18363,5169.7,-13.9,RS41,403.000
2018-08-28T13:07:50.001Z,P1120693,8548,54.41828,18.18379,5162.1,-13.8,RS41,403.000
2018-08-28T13:07:51.001Z,P1120693,8549,54.41818,18.18395,5153.4,-13.8,RS41,403.000
2018-08-28T13:07:52.001Z,P1120693,8550,54.41807,18.18411,5144.3,-13.7,RS41,403.000
2018-08-28T13:07:53.001Z,P1120693,8551,54.41796,18.18427,5135.2,-13.6,RS41,403.000
2018-08-28T13:07:54.001Z,P1120693,8552,54.41785,18.18444,5126.6,-13.5,RS41,403.000
2018-08-28T13:07:55.001Z,P1120693,8553,54.41774,18.18461,5118.3,-13.4,RS41,403.000
2018-08-28T13:07:56.001Z,P1120693,8554,54.41763,18.18477,5109.8,-13.3,RS41,403.000
2018-08-28T13:07:57.001Z,P1120693,8555,54.41753,18.18493,5101.1,-13.3,RS41,403.000
2018-08-28T13:07:58.001Z,P1120693,8556,54.41742,18.18509,5092.1,-13.2,RS41,403.000
2018-08-28T13:07:59.001Z,P1120693,8557,54.41731,18.18525,5083.3,-13.1,RS41,403.000
2018-08-28T13:08:00.001Z,P1120693,8558,54.41720,18.18541,5074.7,-13.1,RS41,403.000
2018-08-28T13:08:01.001Z,P1120693,8559,54.41709,18.18557,5066.0,-13.0,RS41,403.000
2018-08-28T13:08:02.001Z,P1120693,8560,54.41699,18.18572,5057.1,-13.0,RS41,403.000
2018-08-28T13:08:03.001Z,P1120693,8561,54.41688,18.18588,5048.0,-12.9,RS41,403.000
2018-08-28T13:08:04.001Z,P1120693,8562,54.41678,18.18603,5038.5,-12.9,RS41,403.000
2018-08-28T13:08:05.001Z,P1120693,8563,54.41667,18.18619,5029.5,-12.8,RS41,403.000
2018-08-28T13:08:06.001Z,P1120693,8564,54.41656,18.18634,5020.9,-12.7,RS41,403.000
2018-08-28T13:08:07.001Z,P1120693,8565,54.41646,18.18650,5012.2,-12.7,RS41,403.000
2018-08-28T13:08:08.001Z,P1120693,8566,54.41635,18.18665,5003.3,-12.6,RS41,403.000
2018-08-28T13:08:09.001Z,P1120693,8567,54.41625,18.18681,4993.6,-12.5,RS41,403.000
2018-08-28T13:08:10.001Z,P1120693,8568,54.41615,18.18697,4983.4,-12.4,RS41,403.000
2018-08-28T13:08:11.001Z,P1120693,8569,54.41604,18.18712,4973.2,-12.4,RS41,403.000
2018-08-28T13:08:12.001Z,P1120693,8570,54.41593,18.18727,4963.3,-12.4,RS41,403.000
2018-08-28T13:08:13.001Z,P1120693,8571,54.41583,18.18742,4953.7,-12.3,RS41,403.000
2018-08-28T13:08:14.001Z,P1120693,8572,54.41573,18.18757,4944.5,-12.3,RS41,403.000
2018-08-28T13:08:15.001Z,P1120693,8573,54.41563,18.18771,4934.3,-12.3,RS41,403.000
2018-08-28T13:08:16.001Z,P1120693,8574,54.41553,18.18786,4924.9,-12.2,RS41,403.000
2018-08-28T13:08:17.001Z,P1120693,8575,54.41543,18.18800,4915.5,-12.2,RS41,403.000
2018-08-28T13:08:18.001Z,P1120693,8576,54.41533,18.18815,4905.8,-12.1,RS41,403.000
2018-08-28T13:08:19.001Z,P1120693,8577,54.41523,18.18830,4896.4,-12.0,RS41,403.000
2018-08-28T13:08:20.001Z,P1120693,8578,54.41513,18.18844,4886.7,-12.0,RS41,403.000
2018-08-28T13:08:21.001Z,P1120693,8579,54.41503,18.18858,4877.3,-12.0,RS41,403.000
2018-08-28T13:08:22.001Z,P1120693,8580,54.41493,18.18873,4868.3,-12.0,RS41,403.000
2018-08-28T13:08:23.001Z,P1120693,8581,54.41483,18.18887,4859.1,-11.9,RS41,403.000
2018-08-28T13:08:24.001Z,P1120693,8582,54.41474,18.18902,4849.5,-11.9,RS41,403.000
2018-08-28T13:08:25.001Z,P1120693,8583,54.41464,18.18916,4840.2,-11.8,RS41,403.000
2018-08-28T13:08:26.001Z,P1120693,8584,54.41455,18.18930,4830.6,-11.8,RS41,403.000
2018-08-28T13:08:27.001Z,P1120693,8585,54.41445,18.18944,4820.4,-11.7,RS41,403.000
2018-08-28T13:08:28.001Z,P1120693,8586,54.41436,18.18957,4811.0,-11.6,RS41,403.000
2018-08-28T13:08:29.001Z,P1120693,8587,54.41427,18.18971,4802.3,-11.6,RS41,403.000
2018-08-28T13:08:30.001Z,P1120693,8588,54.41417,18.18984,4792.2,-11.5,RS41,403.000
2018-08-28T13:08:31.001Z,P1120693,8589,54.41407,18.18997,4782.2,-11.5,RS41,403.000
2018-08-28T13:08:32.001Z,P1120693,8590,54.41398,18.19010,4772.1,-11.4,RS41,403.000
2018-08-28T13:08:33.001Z,P1120693,8591,54.41389,18.19023,4762.0,-11.4,RS41,403.000
2018-08-28T13:08:34.001Z,P1120693,8592,54.41379,18.19036,4751.6,-11.3,RS41,403.000
2018-08-28T13:08:35.001Z,P1120693,8593,54.41370,18.19049,4740.9,-11.3,RS41,403.000
2018-08-28T13:08:36.001Z,P1120693,8594,54.41360,18.19062,4730.3,-11.3,RS41,403.000
2018-08-28T13:08:37.001Z,P1120693,8595,54.41351,18.19075,4720.3,-11.3,RS41,403.000
2018-08-28T13:08:38.001Z,P1120693,8596,54.41342,18.19088,4710.7,-11.2,RS41,403.000
2018-08-28T13:08:39.001Z,P1120693,8597,54.41333,18.19101,4701.0,-11.2,RS41,403.000
2018-08-28T13:08:40.001Z,P1120693,8598,54.41324,18.19115,4690.8,-11.2,RS41,403.000
2018-08-28T13:08:41.001Z,P1120693,8599,54.41315,18.19128,4681.3,-11.1,RS41,403.000
2018-08-28T13:08:42.001Z,P1120693,8600,54.41306,18.19142,4671.9,-11.1,RS41,403.000
2018-08-28T13:08:43.001Z,P1120693,8601,54.41295,18.19155,4661.8,-11.1,RS41,403.000
2018-08-28T13:08:44.001Z,P1120693,8602,54.41285,18.19169,4651.3,-11.0,RS41,403.000
2018-08-28T13:08:45.001Z,P1120693,8603,54.41275,18.19183,4640.2,-11.1,RS41,403.000
2018-08-28T13:08:46.001Z,P1120693,8604,54.41266,18.19195,4629.1,-11.1,RS41,403.000
2018-08-28T13:08:47.001Z,P1120693,8605,54.41257,18.19207,4618.0,-11.0,RS41,403.000
2018-08-28T13:08:48.001Z,P1120693,8606,54.41247,18.19219,4606.8,-10.9,RS41,403.000
2018-08-28T13:08:49.001Z,P1120693,8607,54.41238,18.19231,4596.0,-10.9,RS41,403.000
2018-08-28T13:08:50.001Z,P1120693,8608,54.41229,18.19243,4585.6,-10.9,RS41,403.000
2018-08-28T13:08:51.001Z,P1120693,8609,54.41220,18.19255,4575.7,-10.8,RS41,403.000
2018-08-28T13:08:52.001Z,P1120693,8610,54.41211,18.19267,4565.0,-10.7,RS41,403.000
2018-08-28T13:08:53.001Z,P1120693,8611,54.41201,18.19278,4554.7,-10.7,RS41,403.000
2018-08-28T13:08:54.001Z,P1120693,8612,54.41192,18.19290,4544.8,-10.6,RS41,403.000
2018-08-28T13:08:55.001Z,P1120693,8613,54.41182,18.19301,4535.8,-10.5,RS41,403.000
2018-08-28T13:08:56.001Z,P1120693,8614,54.41173,18.19312,4526.7,-10.5,RS41,403.000
2018-08-28T13:08:57.001Z,P1120693,8615,54.41164,18.19324,4516.7,-10.4,RS41,403.000
2018-08-28T13:08:58.001Z,P1120693,8616,54.41155,18.19337,4507.0,-10.3,RS41,403.000
2018-08-28T13:08:59.001Z,P1120693,8617,54.41145,18.19349,4497.6,-10.2,RS41,403.000
2018-08-28T13:09:00.001Z,P1120693,8618,54.41136,18.19362,4487.2,-10.1,RS41,403.000
2018-08-28T13:09:01.001Z,P1120693,8619,54.41127,18.19374,4476.7,-10.0,RS41,403.000
2018-08-28T13:09:02.001Z,P1120693,8620,54.41118,18.19386,4466.1,-10.0,RS41,403.000
2018-08-28T13:09:03.001Z,P1120693,8621,54.41109,18.19399,4455.9,-9.9,RS41,403.000
2018-08-28T13:09:04.001Z,P1120693,8622,54.41100,18.19410,4445.1,-9.8,RS41,403.000
2018-08-28T13:09:05.001Z,P1120693,8623,54.41091,18.19422,4434.5,-9.7,RS41,403.000
2018-08-28T13:09:06.001Z,P1120693,8624,54.41082,18.19434,4424.0,-9.6,RS41,403.000
2018-08-28T13:09:07.001Z,P1120693,8625,54.41072,18.19446,4413.2,-9.5,RS41,403.000
2018-08-28T13:09:08.001Z,P1120693,8626,54.41063,18.19458,4402.5,-9.5,RS41,403.000
2018-08-28T13:09:09.001Z,P1120693,8627,54.41054,18.19469,4392.1,-9.4,RS41,403.000
2018-08-28T13:09:10.001Z,P1120693,8628,54.41045,18.19481,4382.0,-9.3,RS41,403.000
2018-08-28T13:09:11.001Z,P1120693,8629,54.41036,18.19493,4371.2,-9.3,RS41,403.000
2018-08-28T13:09:12.001Z,P1120693,8630,54.41027,18.19505,4361.3,-9.2,RS41,403.000
2018-08-28T13:09:13.001Z,P1120693,8631,54.41018,18.19517,4351.0,-9.2,RS41,403.000
2018-08-28T13:09:14.001Z,P1120693,8632,54.41009,18.19529,4341.6,-9.1,RS41,403.000
2018-08-28T13:09:15.001Z,P1120693,8633,54.41000,18.19542,4331.1,-9.1,RS41,403.000
2018-08-28T13:09:16.001Z,P1120693,8634,54.40991,18.19554,4320.7,-9.0,RS41,403.000
2018-08-28T13:09:17.001Z,P1120693,8635,54.40982,18.19565,4310.0,-8.9,RS41,403.000
2018-08-28T13:09:18.001Z,P1120693,8636,54.40974,18.19578,4300.1,-8.9,RS41,403.000
2018-08-28T13:09:19.001Z,P1120693,8637,54.40965,18.19591,4289.6,-8.8,RS41,403.000
2018-08-28T13:09:20.001Z,P1120693,8638,54.40956,18.19602,4278.7,-8.8,RS41,403.000
2018-08-28T13:09:21.001Z,P1120693,8639,54.40948,18.19615,4267.4,-8.7,RS41,403.000
2018-08-28T13:09:22.001Z,P1120693,8640,54.40939,18.19627,4256.2,-8.6,RS41,403.000
2018-08-28T13:09:23.001Z,P1120693,8641,54.40930,18.19640,4245.8,-8.6,RS41,403.000
2018-08-28T13:09:24.001Z,P1120693,8642,54.40921,18.19652,4235.3,-8.5,RS41,403.000
2018-08-28T13:09:25.001Z,P1120693,8643,54.40913,18.19665,4224.4,-8.4,RS41,403.000
2018-08-28T13:09:26.001Z,P1120693,8644,54.40904,18.19676,4213.6,-8.3,RS41,403.000
2018-08-28T13:09:27.001Z,P1120693,8645,54.40895,18.19688,4203.1,-8.2,RS41,403.000
2018-08-28T13:09:28.001Z,P1120693,8646,54.40886,18.19701,4191.8,-8.1,RS41,403.000
2018-08-28T13:09:29.001Z,P1120693,8647,54.40877,18.19713,4180.7,-8.0,RS41,403.000
2018-08-28T13:09:30.001Z,P1120693,8648,54.40869,18.19725,4170.2,-7.9,RS41,403.000
2018-08-28T13:09:31.001Z,P1120693,8649,54.40860,18.19738,4159.2,-7.8,RS41,403.000
2018-08-28T13:09:32.001Z,P1120693,8650,54.40851,18.19751,4149.0,-7.8,RS41,403.000
2018-08-28T13:09:33.001Z,P1120693,8651,54.40842,18.19763,4137.8,-7.7,RS41,403.000
2018-08-28T13:09:34.001Z,P1120693,8652,54.40833,18.19775,4126.5,-7.5,RS41,403.000
2018-08-28T13:09:35.001Z,P1120693,8653,54.40825,18.19787,4115.2,-7.4,RS41,403.000
2018-08-28T13:09:36.001Z,P1120693,8654,54.40816,18.19800,4105.3,-7.3,RS41,403.000
2018-08-28T13:09:37.001Z,P1120693,8655,54.40806,18.19814,4094.5,-7.2,RS41,403.000
2018-08-28T13:09:38.001Z,P1120693,8656,54.40797,18.19826,4083.1,-7.1,RS41,403.000
2018-08-28T13:09:39.001Z,P1120693,8657,54.40788,18.19838,4072.2,-7.0,RS41,403.000
2018-08-28T13:09:40.001Z,P1120693,8658,54.40779,18.19850,4061.7,-6.9,RS41,403.000
2018-08-28T13:09:41.001Z,P1120693,8659,54.40770,18.19862,4050.6,-6.8,RS41,403.000
2018-08-28T13:09:42.001Z,P1120693,8660,54.40762,18.19875,4040.0,-6.8,RS41,403.000
2018-08-28T13:09:43.001Z,P1120693,8661,54.40753,18.19888,4030.0,-6.7,RS41,403.000
2018-08-28T13:09:44.001Z,P1120693,8662,54.40743,18.19900,4019.9,-6.6,RS41,403.000
2018-08-28T13:09:45.001Z,P1120693,8663,54.40735,18.19912,4009.5,-6.5,RS41,403.000
2018-08-28T13:09:46.001Z,P1120693,8664,54.40726,18.19925,3998.3,-6.4,RS41,403.000
2018-08-28T13:09:47.001Z,P1120693,8665,54.40717,18.19938,3987.1,-6.4,RS41,403.000
2018-08-28T13:09:48.001Z,P1120693,8666,54.40708,18.19950,3976.9,-6.3,RS41,403.000
2018-08-28T13:09:49.001Z,P1120693,8667,54.40699,18.19962,3967.0,-6.2,RS41,403.000
2018-08-28T13:09:50.001Z,P1120693,8668,54.40691,18.19975,3957.4,-6.2,RS41,403.000
2018-08-28T13:09:51.001Z,P1120693,8669,54.40682,18.19988,3947.2,-6.1,RS41,403.000
2018-08-28T13:09:52.001Z,P1120693,8670,54.40673,18.20001,3937.0,-6.0,RS41,403.000
2018-08-28T13:09:53.001Z,P1120693,8671,54.40665,18.20014,3926.6,-6.0,RS41,403.000
2018-08-28T13:09:54.001Z,P1120693,8672,54.40656,18.20028,3916.0,-5.9,RS41,403.000
2018-08-28T13:09:55.001Z,P1120693,8673,54.40647,18.20042,3905.1,-5.9,RS41,403.000
2018-08-28T13:09:56.001Z,P1120693,8674,54.40638,18.20057,3894.5,-5.8,RS41,403.000
2018-08-28T13:09:57.001Z,P1120693,8675,54.40629,18.20071,3883.8,-5.8,RS41,403.000
2018-08-28T13:09:58.001Z,P1120693,8676,54.40621,18.20085,3872.3,-5.8,RS41,403.000
2018-08-28T13:09:59.001Z,P1120693,8677,54.40613,18.20100,3861.1,-5.8,RS41,403.000
2018-08-28T13:10:00.001Z,P1120693,8678,54.40605,18.20115,3850.2,-5.7,RS41,403.000
2018-08-28T13:10:01.001Z,P1120693,8679,54.40596,18.20130,3837.9,-5.6,RS41,403.000
2018-08-28T13:10:02.001Z,P1120693,8680,54.40588,18.20145,3826.5,-5.5,RS41,403.000
2018-08-28T13:10:03.001Z,P1120693,8681,54.40580,18.20159,3815.6,-5.4,RS41,403.000
2018-08-28T13:10:04.001Z,P1120693,8682,54.40572,18.20173,3805.1,-5.3,RS41,403.000
2018-08-28T13:10:05.001Z,P1120693,8683,54.40564,18.20188,3794.3,-5.3,RS41,403.000
2018-08-28T13:10:06.001Z,P1120693,8684,54.40558,18.20203,3783.3,-5.2,RS41,403.000
2018-08-28T13:10:07.001Z,P1120693,8685,54.40551,18.20219,3772.2,-5.2,RS41,403.000
2018-08-28T13:10:08.001Z,P1120693,8686,54.40543,18.20234,3760.8,-5.1,RS41,403.000
2018-08-28T13:10:09.001Z,P1120693,8687,54.40536,18.20249,3750.2,-5.0,RS41,403.000
2018-08-28T13:10:10.001Z,P1120693,8688,54.40530,18.20264,3738.8,-4.9,RS41,403.000
2018-08-28T13:10:11.001Z,P1120693,8689,54.40523,18.20280,3727.7,-4.9,RS41,403.000
2018-08-28T13:10:12.001Z,P1120693,8690,54.40516,18.20295,3715.9,-4.9,RS41,403.000
2018-08-28T13:10:13.001Z,P1120693,8691,54.40508,18.20309,3704.5,-4.8,RS41,403.000
2018-08-28T13:10:14.001Z,P1120693,8692,54.40501,18.20322,3692.5,-4.8,RS41,403.000
2018-08-28T13:10:15.001Z,P1120693,8693,54.40495,18.20336,3680.6,-4.7,RS41,403.000
2018-08-28T13:10:16.001Z,P1120693,8694,54.40487,18.20350,3669.3,-4.6,RS41,403.000
2018-08-28T13:10:17.001Z,P1120693,8695,54.40480,18.20364,3657.5,-4.6,RS41,403.000
2018-08-28T13:10:18.001Z,P1120693,8696,54.40474,18.20378,3645.9,-4.5,RS41,403.000
2018-08-28T13:10:19.001Z,P1120693,8697,54.40466,18.20391,3634.9,-4.6,RS41,403.000
2018-08-28T13:10:20.001Z,P1120693,8698,54.40460,18.20404,3623.9,-4.6,RS41,403.000
2018-08-28T13:10:21.001Z,P1120693,8699,54.40454,18.20418,3611.9,-4.6,RS41,403.000
2018-08-28T13:10:22.001Z,P1120693,8700,54.40447,18.20432,3600.2,-4.5,RS41,403.000
2018-08-28T13:10:23.001Z,P1120693,8701,54.40440,18.20445,3588.3,-4.4,RS41,403.000
2018-08-28T13:10:24.001Z,P1120693,8702,54.40434,18.20458,3576.8,-4.4,RS41,403.000
2018-08-28T13:10:25.001Z,P1120693,8703,54.40427,18.20471,3565.1,-4.3,RS41,403.000
2018-08-28T13:10:26.001Z,P1120693,8704,54.40420,18.20484,3553.7,-4.2,RS41,403.000
2018-08-28T13:10:27.001Z,P1120693,8705,54.40414,18.20497,3542.0,-4.2,RS41,403.000
2018-08-28T13:10:28.001Z,P1120693,8706,54.40407,18.20510,3530.4,-4.3,RS41,403.000
2018-08-28T13:10:29.001Z,P1120693,8707,54.40400,18.20523,3518.3,-4.2,RS41,403.000
2018-08-28T13:10:30.001Z,P1120693,8708,54.40394,18.20536,3506.7,-4.2,RS41,403.000
2018-08-28T13:10:31.001Z,P1120693,8709,54.40387,18.20550,3495.8,-4.1,RS41,403.000
2018-08-28T13:10:32.001Z,P1120693,8710,54.40380,18.20562,3484.4,-4.0,RS41,403.000
2018-08-28T13:10:33.001Z,P1120693,8711,54.40374,18.20575,3473.1,-3.9,RS41,403.000
2018-08-28T13:10:34.001Z,P1120693,8712,54.40368,18.20588,3462.6,-3.9,RS41,403.000
2018-08-28T13:10:35.001Z,P1120693,8713,54.40361,18.20600,3452.0,-3.8,RS41,403.000
2018-08-28T13:10:36.001Z,P1120693,8714,54.40355,18.20613,3441.3,-3.9,RS41,403.000
2018-08-28T13:10:37.001Z,P1120693,8715,54.40348,18.20625,3429.9,-3.9,RS41,403.000
2018-08-28T13:10:38.001Z,P1120693,8716,54.40342,18.20638,3418.5,-3.9,RS41,403.000
2018-08-28T13:10:39.001Z,P1120693,8717,54.40335,18.20651,3407.3,-4.0,RS41,403.000
2018-08-28T13:10:40.001Z,P1120693,8718,54.40329,18.20663,3396.3,-4.0,RS41,403.000
2018-08-28T13:10:41.001Z,P1120693,8719,54.40322,18.20675,3385.3,-3.9,RS41,403.000
2018-08-28T13:10:42.001Z,P1120693,8720,54.40316,18.20687,3375.1,-3.8,RS41,403.000
2018-08-28T13:10:43.001Z,P1120693,8721,54.40310,18.20699,3365.0,-3.9,RS41,403.000
2018-08-28T13:10:44.001Z,P1120693,8722,54.40304,18.20711,3354.7,-3.8,RS41,403.000
2018-08-28T13:10:45.001Z,P1120693,8723,54.40298,18.20723,3343.5,-3.8,RS41,403.000
2018-08-28T13:10:46.001Z,P1120693,8724,54.40293,18.20735,3333.0,-3.7,RS41,403.000
2018-08-28T13:10:47.001Z,P1120693,8725,54.40287,18.20748,3322.9,-3.6,RS41,403.000
2018-08-28T13:10:48.001Z,P1120693,8726,54.40281,18.20759,3312.8,-3.5,RS41,403.000
2018-08-28T13:10:49.001Z,P1120693,8727,54.40276,18.20771,3302.3,-3.4,RS41,403.000
2018-08-28T13:10:50.001Z,P1120693,8728,54.40270,18.20783,3292.3,-3.3,RS41,403.000
2018-08-28T13:10:51.001Z,P1120693,8729,54.40265,18.20795,3282.8,-3.2,RS41,403.000
2018-08-28T13:10:52.001Z,P1120693,8730,54.40259,18.20805,3272.9,-3.2,RS41,403.000
2018-08-28T13:10:53.001Z,P1120693,8731,54.40254,18.20816,3262.6,-3.1,RS41,403.000
2018-08-28T13:10:54.001Z,P1120693,8732,54.40249,18.20828,3251.5,-3.0,RS41,403.000
2018-08-28T13:10:55.001Z,P1120693,8733,54.40243,18.20839,3240.4,-2.9,RS41,403.000
2018-08-28T13:10:56.001Z,P1120693,8734,54.40238,18.20850,3228.9,-2.8,RS41,403.000
2018-08-28T13:10:57.001Z,P1120693,8735,54.40232,18.20861,3217.2,-2.8,RS41,403.000
2018-08-28T13:10:58.001Z,P1120693,8736,54.40227,18.20873,3205.6,-2.9,RS41,403.000
2018-08-28T13:10:59.001Z,P1120693,8737,54.40222,18.20884,3194.6,-2.7,RS41,403.000
2018-08-28T13:11:00.001Z,P1120693,8738,54.40216,18.20895,3183.6,-2.7,RS41,403.000
2018-08-28T13:11:01.001Z,P1120693,8739,54.40210,18.20906,3172.5,-2.6,RS41,403.000
2018-08-28T13:11:02.001Z,P1120693,8740,54.40205,18.20918,3160.8,-2.5,RS41,403.000
2018-08-28T13:11:03.001Z,P1120693,8741,54.40201,18.20929,3149.5,-2.5,RS41,403.000
2018-08-28T13:11:04.001Z,P1120693,8742,54.40196,18.20939,3138.3,-2.6,RS41,403.000
2018-08-28T13:11:05.001Z,P1120693,8743,54.40192,18.20950,3127.8,-2.8,RS41,403.000
2018-08-28T13:11:06.001Z,P1120693,8744,54.40188,18.20961,3116.4,-2.8,RS41,403.000
2018-08-28T13:11:07.001Z,P1120693,8745,54.40183,18.20972,3105.7,-2.8,RS41,403.000
2018-08-28T13:11:08.001Z,P1120693,8746,54.40180,18.20982,3095.1,-2.7,RS41,403.000
2018-08-28T13:11:09.001Z,P1120693,8747,54.40176,18.20994,3084.7,-2.6,RS41,403.000
2018-08-28T13:11:10.001Z,P1120693,8748,54.40172,18.21005,3073.0,-2.6,RS41,403.000
2018-08-28T13:11:11.001Z,P1120693,8749,54.40168,18.21015,3062.1,-2.5,RS41,403.000
2018-08-28T13:11:12.001Z,P1120693,8750,54.40165,18.21026,3050.9,-2.5,RS41,403.000
2018-08-28T13:11:13.001Z,P1120693,8751,54.40162,18.21037,3039.5,-2.5,RS41,403.000
2018-08-28T13:11:14.001Z,P1120693,8752,54.40158,18.21048,3027.6,-2.4,RS41,403.000
2018-08-28T13:11:15.001Z,P1120693,8753,54.40155,18.21058,3015.5,-2.4,RS41,403.000
2018-08-28T13:11:16.001Z,P1120693,8754,54.40152,18.21069,3003.0,-2.3,RS41,403.000
2018-08-28T13:11:17.001Z,P1120693,8755,54.40150,18.21080,2991.0,-2.3,RS41,403.000
2018-08-28T13:11:18.001Z,P1120693,8756,54.40147,18.21090,2979.7,-2.2,RS41,403.000
2018-08-28T13:11:19.001Z,P1120693,8757,54.40144,18.21101,2968.2,-2.2,RS41,403.000
2018-08-28T13:11:20.001Z,P1120693,8758,54.40142,18.21111,2956.9,-2.1,RS41,403.000
2018-08-28T13:11:21.001Z,P1120693,8759,54.40139,18.21122,2945.1,-2.0,RS41,403.000
2018-08-28T13:11:22.001Z,P1120693,8760,54.40137,18.21132,2933.0,-1.9,RS41,403.000
2018-08-28T13:11:23.001Z,P1120693,8761,54.40135,18.21142,2921.3,-1.8,RS41,403.000
2018-08-28T13:11:24.001Z,P1120693,8762,54.40133,18.21152,2909.0,-1.6,RS41,403.000
2018-08-28T13:11:25.001Z,P1120693,8763,54.40130,18.21162,2896.4,-1.5,RS41,403.000
2018-08-28T13:11:26.001Z,P1120693,8764,54.40128,18.21172,2884.6,-1.4,RS41,403.000
2018-08-28T13:11:27.001Z,P1120693,8765,54.40125,18.21182,2872.6,-1.3,RS41,403.000
2018-08-28T13:11:28.001Z,P1120693,8766,54.40122,18.21192,2861.9,-1.3,RS41,403.000
2018-08-28T13:11:29.001Z,P1120693,8767,54.40120,18.21202,2850.6,-1.2,RS41,403.000
2018-08-28T13:11:30.001Z,P1120693,8768,54.40118,18.21212,2839.6,-1.2,RS41,403.000
2018-08-28T13:11:31.001Z,P1120693,8769,54.40116,18.21221,2827.8,-1.1,RS41,403.000
2018-08-28T13:11:32.001Z,P1120693,8770,54.40114,18.21231,2816.1,-1.0,RS41,403.000
2018-08-28T13:11:33.001Z,P1120693,8771,54.40111,18.21241,2804.8,-1.0,RS41,403.000
2018-08-28T13:11:34.001Z,P1120693,8772,54.40109,18.21250,2793.8,-1.0,RS41,403.000
2018-08-28T13:11:35.001Z,P1120693,8773,54.40107,18.21260,2782.0,-1.0,RS41,403.000
2018-08-28T13:11:36.001Z,P1120693,8774,54.40104,18.21270,2770.9,-0.9,RS41,403.000
2018-08-28T13:11:37.001Z,P1120693,8775,54.40102,18.21280,2759.6,-0.8,RS41,403.000
2018-08-28T13:11:38.001Z,P1120693,8776,54.40100,18.21289,2747.8,-0.7,RS41,403.000
2018-08-28T13:11:39.001Z,P1120693,8777,54.40097,18.21300,2736.4,-0.6,RS41,403.000
2018-08-28T13:11:40.001Z,P1120693,8778,54.40095,18.21310,2724.8,-0.5,RS41,403.000
2018-08-28T13:11:41.001Z,P1120693,8779,54.40092,18.21319,2712.7,-0.5,RS41,403.000
2018-08-28T13:11:42.001Z,P1120693,8780,54.40090,18.21330,2700.3,-0.6,RS41,403.000
2018-08-28T13:11:43.001Z,P1120693,8781,54.40086,18.21339,2688.1,-0.5,RS41,403.000
2018-08-28T13:11:44.001Z,P1120693,8782,54.40083,18.21350,2676.1,-0.5,RS41,403.000
2018-08-28T13:11:45.001Z,P1120693,8783,54.40081,18.21360,2664.3,-0.5,RS41,403.000
2018-08-28T13:11:46.001Z,P1120693,8784,54.40078,18.21370,2652.5,-0.4,RS41,403.000
2018-08-28T13:11:47.001Z,P1120693,8785,54.40075,18.21380,2640.7,-0.3,RS41,403.000
2018-08-28T13:11:48.001Z,P1120693,8786,54.40073,18.21390,2629.8,-0.4,RS41,403.000
2018-08-28T13:12:22.001Z,P1120693,8820,54.39975,18.21750,2234.0,2.3,RS41,403.000
2018-08-28T13:12:23.001Z,P1120693,8821,54.39972,18.21760,2222.9,2.2,RS41,403.000
