2018-08-29T05:19:38.001Z,P2730774,4065,52.18572,14.31490,11758.7,-273.0,RS41,405.100
2018-08-29T05:25:29.000Z,P2730774,4416,52.17399,14.38610,13582.9,-273.0,RS41,405.100
2018-08-29T05:25:33.000Z,P2730774,4420,52.17403,14.38656,13602.8,-273.0,RS41,405.100
2018-08-29T05:25:42.000Z,P2730774,4429,52.17382,14.38760,13652.4,-273.0,RS41,405.100
2018-08-29T05:25:52.000Z,P2730774,4439,52.17377,14.38896,13708.1,-273.0,RS41,405.100
2018-08-29T05:25:53.000Z,P2730774,4440,52.17377,14.38908,13713.6,-273.0,RS41,405.100
2018-08-29T05:25:54.000Z,P2730774,4441,52.17375,14.38922,13718.9,-273.0,RS41,405.100
2018-08-29T05:25:56.000Z,P2730774,4443,52.17374,14.38948,13730.5,-273.0,RS41,405.100
2018-08-29T05:25:57.000Z,P2730774,4444,52.17373,14.38961,13735.7,-273.0,RS41,405.100
2018-08-29T05:25:58.000Z,P2730774,4445,52.17372,14.38975,13741.9,-273.0,RS41,405.100
2018-08-29T05:26:12.000Z,P2730774,4459,52.17367,14.39184,13812.2,-273.0,RS41,405.100
2018-08-29T05:26:13.000Z,P2730774,4460,52.17365,14.39202,13816.5,-273.0,RS41,405.100
2018-08-29T05:26:14.000Z,P2730774,4461,52.17364,14.39219,13820.8,-273.0,RS41,405.100
2018-08-29T05:26:16.000Z,P2730774,4463,52.17361,14.39250,13830.1,-273.0,RS41,405.100
2018-08-29T05:26:18.000Z,P2730774,4465,52.17360,14.39280,13839.6,-273.0,RS41,405.100
2018-08-29T05:26:19.000Z,P2730774,4466,52.17359,14.39297,13843.6,-273.0,RS41,405.100
2018-08-29T05:26:20.000Z,P2730774,4467,52.17359,14.39314,13848.2,-273.0,RS41,405.100
2018-08-29T05:26:22.000Z,P2730774,4469,52.17356,14.39351,13858.1,-273.0,RS41,405.100
2018-08-29T05:26:23.000Z,P2730774,4470,52.17354,14.39370,13863.4,-273.0,RS41,405.100
2018-08-29T05:26:24.000Z,P2730774,4471,52.17352,14.39388,13868.2,-273.0,RS41,405.100
2018-08-29T05:26:26.000Z,P2730774,4473,52.17347,14.39423,13878.7,-273.0,RS41,405.100
2018-08-29T05:26:27.000Z,P2730774,4474,52.17345,14.39439,13882.9,-273.0,RS41,405.100
2018-08-29T05:26:28.000Z,P2730774,4475,52.17342,14.39454,13888.3,-273.0,RS41,405.100
2018-08-29T05:26:29.000Z,P2730774,4476,52.17341,14.39470,13893.1,-273.0,RS41,405.100
2018-08-29T05:26:31.000Z,P2730774,4478,52.17339,14.39502,13902.8,-273.0,RS41,405.100
2018-08-29T05:26:32.000Z,P2730774,4479,52.17338,14.39517,13907.7,-273.0,RS41,405.100
2018-08-29T05:26:33.000Z,P2730774,4480,52.17336,14.39532,13912.8,-273.0,RS41,405.100
2018-08-29T05:26:34.000Z,P2730774,4481,52.17335,14.39548,13918.4,-273.0,RS41,405.100
2018-08-29T05:26:35.000Z,P2730774,4482,52.17332,14.39564,13923.7,-273.0,RS41,405.100
2018-08-29T05:26:36.000Z,P2730774,4483,52.17330,14.39580,13929.2,-273.0,RS41,405.100
2018-08-29T05:26:37.000Z,P2730774,4484,52.17326,14.39595,13934.2,-273.0,RS41,405.100
2018-08-29T05:26:38.000Z,P2730774,4485,52.17323,14.39609,13939.9,-273.0,RS41,405.100
2018-08-29T05:26:39.000Z,P2730774,4486,52.17320,14.39625,13945.1,-273.0,RS41,405.100
2018-08-29T05:26:40.000Z,P2730774,4487,52.17317,14.39639,13950.8,-273.0,RS41,405.100
2018-08-29T05:26:41.000Z,P2730774,4488,52.17315,14.39653,13956.7,-273.0,RS41,405.100
2018-08-29T05:26:42.000Z,P2730774,4489,52.17312,14.39666,13962.1,-273.0,RS41,405.100
2018-08-29T05:26:43.000Z,P2730774,4490,52.17310,14.39680,13968.3,-273.0,RS41,405.100
2018-08-29T05:26:46.000Z,P2730774,4493,52.17307,14.39723,13983.4,-55.8,RS41,405.100
2018-08-29T05:28:39.000Z,P2730774,4606,52.17187,14.41221,14559.5,-55.9,RS41,405.100
2018-08-29T05:28:44.000Z,P2730774,4611,52.17192,14.41281,14587.2,-55.8,RS41,405.100
2018-08-29T05:28:45.000Z,P2730774,4612,52.17192,14.41293,14592.6,-55.9,RS41,405.100
2018-08-29T05:28:49.000Z,P2730774,4616,52.17189,14.41344,14614.0,-55.8,RS41,405.100
2018-08-29T05:28:52.000Z,P2730774,4619,52.17183,14.41384,14630.4,-55.7,RS41,405.100
2018-08-29T05:28:53.000Z,P2730774,4620,52.17181,14.41396,14636.5,-55.7,RS41,405.100
2018-08-29T05:28:54.000Z,P2730774,4621,52.17179,14.41407,14641.8,-55.8,RS41,405.100
2018-08-29T05:28:57.000Z,P2730774,4624,52.17174,14.41435,14656.9,-55.8,RS41,405.100
2018-08-29T05:28:58.000Z,P2730774,4625,52.17172,14.41445,14661.9,-55.9,RS41,405.100
2018-08-29T05:28:59.000Z,P2730774,4626,52.17172,14.41455,14667.5,-55.9,RS41,405.100
2018-08-29T05:29:03.000Z,P2730774,4630,52.17169,14.41501,14686.8,-55.8,RS41,405.100
2018-08-29T05:29:04.000Z,P2730774,4631,52.17167,14.41514,14692.0,-55.9,RS41,405.100
2018-08-29T05:29:05.000Z,P2730774,4632,52.17165,14.41527,14697.4,-55.9,RS41,405.100
2018-08-29T05:29:07.000Z,P2730774,4634,52.17160,14.41548,14708.2,-56.0,RS41,405.100
2018-08-29T05:29:24.000Z,P2730774,4651,52.17133,14.41703,14795.2,-55.8,RS41,405.100
2018-08-29T05:31:11.000Z,P2730774,4758,52.17086,14.42749,15338.6,-55.3,RS41,405.100
2018-08-29T05:31:12.000Z,P2730774,4759,52.17087,14.42762,15344.1,-55.3,RS41,405.100
2018-08-29T05:31:13.000Z,P2730774,4760,52.17087,14.42775,15349.0,-55.2,RS41,405.100
2018-08-29T05:49:07.000Z,P2730774,5834,52.18786,14.47915,21233.8,-273.0,RS41,405.100
2018-08-29T05:49:11.000Z,P2730774,5838,52.18775,14.47892,21257.4,-273.0,RS41,405.100
2018-08-29T05:49:15.000Z,P2730774,5842,52.18763,14.47868,21280.5,-273.0,RS41,405.100
2018-08-29T05:49:18.000Z,P2730774,5845,52.18755,14.47849,21298.0,-273.0,RS41,405.100
2018-08-29T05:49:22.000Z,P2730774,5849,52.18745,14.47826,21321.9,-273.0,RS41,405.100
2018-08-29T05:49:26.000Z,P2730774,5853,52.18736,14.47813,21346.6,-273.0,RS41,405.100
2018-08-29T05:49:29.000Z,P2730774,5856,52.18732,14.47800,21365.3,-273.0,RS41,405.100
2018-08-29T05:49:32.000Z,P2730774,5859,52.18729,14.47782,21383.8,-273.0,RS41,405.100
2018-08-29T05:49:35.000Z,P2730774,5862,52.18725,14.47760,21402.2,-273.0,RS41,405.100
2018-08-29T05:49:41.000Z,P2730774,5868,52.18714,14.47728,21439.3,-273.0,RS41,405.100
2018-08-29T05:49:43.000Z,P2730774,5870,52.18714,14.47716,21452.7,-273.0,RS41,405.100
2018-08-29T05:49:44.000Z,P2730774,5871,52.18715,14.47708,21457.6,-273.0,RS41,405.100
2018-08-29T05:49:46.000Z,P2730774,5873,52.18718,14.47692,21469.7,-273.0,RS41,405.100
2018-08-29T05:49:48.000Z,P2730774,5875,52.18721,14.47677,21482.6,-273.0,RS41,405.100
2018-08-29T05:49:51.000Z,P2730774,5878,52.18720,14.47650,21502.0,-273.0,RS41,405.100
2018-08-29T05:49:53.000Z,P2730774,5880,52.18718,14.47632,21513.5,-273.0,RS41,405.100
2018-08-29T05:49:56.000Z,P2730774,5883,52.18722,14.47600,21531.2,-273.0,RS41,405.100
2018-08-29T05:49:58.000Z,P2730774,5885,52.18729,14.47580,21543.8,-273.0,RS41,405.100
2018-08-29T05:50:00.000Z,P2730774,5887,52.18736,14.47564,21556.4,-273.0,RS41,405.100
2018-08-29T05:50:01.000Z,P2730774,5888,52.18740,14.47555,21562.4,-273.0,RS41,405.100
2018-08-29T05:50:02.000Z,P2730774,5889,52.18743,14.47546,21568.1,-273.0,RS41,405.100
2018-08-29T05:50:03.000Z,P2730774,5890,52.18746,14.47538,21574.6,-273.0,RS41,405.100
2018-08-29T05:50:06.000Z,P2730774,5893,52.18753,14.47515,21593.3,-273.0,RS41,405.100
2018-08-29T05:50:07.000Z,P2730774,5894,52.18757,14.47505,21599.0,-273.0,RS41,405.100
2018-08-29T05:50:08.000Z,P2730774,5895,52.18762,14.47495,21604.3,-273.0,RS41,405.100
2018-08-29T05:50:09.000Z,P2730774,5896,52.18768,14.47486,21610.3,-273.0,RS41,405.100
2018-08-29T05:50:11.000Z,P2730774,5898,52.18781,14.47469,21621.3,-273.0,RS41,405.100
2018-08-29T05:50:12.000Z,P2730774,5899,52.18788,14.47461,21627.7,-273.0,RS41,405.100
2018-08-29T05:50:13.000Z,P2730774,5900,52.18795,14.47454,21633.9,-273.0,RS41,405.100
2018-08-29T05:50:14.000Z,P2730774,5901,52.18803,14.47446,21639.8,-273.0,RS41,405.100
2018-08-29T05:50:15.000Z,P2730774,5902,52.18809,14.47439,21646.2,-273.0,RS41,405.100
2018-08-29T05:50:16.000Z,P2730774,5903,52.18815,14.47432,21651.8,-273.0,RS41,405.100
2018-08-29T05:50:17.000Z,P2730774,5904,52.18820,14.47427,21656.6,-273.0,RS41,405.100
2018-08-29T05:50:18.000Z,P2730774,5905,52.18825,14.47422,21662.8,-273.0,RS41,405.100
2018-08-29T05:50:19.000Z,P2730774,5906,52.18831,14.47417,21668.8,-273.0,RS41,405.100
2018-08-29T05:50:21.000Z,P2730774,5908,52.18842,14.47407,21681.0,-273.0,RS41,405.100
2018-08-29T05:50:24.000Z,P2730774,5911,52.18859,14.47390,21698.9,-273.0,RS41,405.100
2018-08-29T05:50:26.000Z,P2730774,5913,52.18872,14.47379,21708.9,-273.0,RS41,405.100
2018-08-29T05:50:28.000Z,P2730774,5915,52.18883,14.47371,21722.0,-273.0,RS41,405.100
2018-08-29T05:50:30.000Z,P2730774,5917,52.18893,14.47366,21734.4,-273.0,RS41,405.100
2018-08-29T05:50:32.000Z,P2730774,5919,52.18904,14.47361,21746.3,-273.0,RS41,405.100
2018-08-29T05:50:34.000Z,P2730774,5921,52.18914,14.47357,21758.0,-273.0,RS41,405.100
2018-08-29T05:50:35.000Z,P2730774,5922,52.18919,14.47355,21764.1,-273.0,RS41,405.100
2018-08-29T05:50:36.000Z,P2730774,5923,52.18924,14.47352,21770.3,-273.0,RS41,405.100
2018-08-29T05:50:52.000Z,P2730774,5939,52.19006,14.47355,21867.8,-273.0,RS41,405.100
2018-08-29T05:51:01.000Z,P2730774,5948,52.19051,14.47392,21920.6,-273.0,RS41,405.100
2018-08-29T05:51:05.000Z,P2730774,5952,52.19062,14.47399,21943.4,-273.0,RS41,405.100
2018-08-29T05:51:17.000Z,P2730774,5964,52.19093,14.47451,22015.8,-273.0,RS41,405.100
2018-08-29T05:51:28.000Z,P2730774,5975,52.19112,14.47474,22080.2,-273.0,RS41,405.100
2018-08-29T05:51:32.000Z,P2730774,5979,52.19121,14.47484,22105.4,-273.0,RS41,405.100
2018-08-29T05:51:45.000Z,P2730774,5992,52.19151,14.47463,22181.9,-273.0,RS41,405.100
2018-08-29T05:51:47.000Z,P2730774,5994,52.19158,14.47461,22194.5,-273.0,RS41,405.100
2018-08-29T05:51:50.000Z,P2730774,5997,52.19174,14.47449,22211.9,-273.0,RS41,405.100
2018-08-29T05:51:52.000Z,P2730774,5999,52.19181,14.47440,22224.2,-273.0,RS41,405.100
2018-08-29T05:51:56.000Z,P2730774,6003,52.19190,14.47436,22248.9,-273.0,RS41,405.100
2018-08-29T05:51:59.000Z,P2730774,6006,52.19193,14.47444,22266.8,-273.0,RS41,405.100
2018-08-29T05:52:02.000Z,P2730774,6009,52.19202,14.47453,22284.2,-273.0,RS41,405.100
2018-08-29T05:52:04.000Z,P2730774,6011,52.19209,14.47458,22295.1,-273.0,RS41,405.100
2018-08-29T05:52:07.000Z,P2730774,6014,52.19219,14.47466,22313.5,-273.0,RS41,405.100
2018-08-29T05:52:10.000Z,P2730774,6017,52.19225,14.47471,22330.5,-273.0,RS41,405.100
2018-08-29T05:52:12.000Z,P2730774,6019,52.19229,14.47472,22340.7,-273.0,RS41,405.100
2018-08-29T05:52:13.000Z,P2730774,6020,52.19231,14.47473,22347.1,-273.0,RS41,405.100
2018-08-29T05:52:14.000Z,P2730774,6021,52.19232,14.47473,22353.2,-273.0,RS41,405.100
2018-08-29T05:52:18.000Z,P2730774,6025,52.19241,14.47491,22376.6,-273.0,RS41,405.100
2018-08-29T05:52:21.000Z,P2730774,6028,52.19248,14.47511,22394.3,-273.0,RS41,405.100
2018-08-29T05:52:23.000Z,P2730774,6030,52.19251,14.47521,22406.3,-273.0,RS41,405.100
2018-08-29T05:52:26.000Z,P2730774,6033,52.19256,14.47530,22423.9,-273.0,RS41,405.100
2018-08-29T05:52:32.000Z,P2730774,6039,52.19263,14.47561,22459.4,-273.0,RS41,405.100
2018-08-29T05:52:40.000Z,P2730774,6047,52.19284,14.47610,22509.0,-273.0,RS41,405.100
2018-08-29T05:53:37.000Z,P2730774,6104,52.19312,14.47632,22854.7,-273.0,RS41,405.100
2018-08-29T05:54:15.000Z,P2730774,6142,52.19329,14.47417,23079.0,-273.0,RS41,405.100
2018-08-29T05:54:20.000Z,P2730774,6147,52.19347,14.47383,23107.0,-273.0,RS41,405.100
2018-08-29T06:19:36.000Z,P2730774,7663,52.20878,14.48429,13695.3,-273.0,RS41,405.100
2018-08-29T06:19:37.000Z,P2730774,7664,52.20877,14.48443,13680.6,-273.0,RS41,405.100
2018-08-29T06:19:38.000Z,P2730774,7665,52.20875,14.48455,13665.2,-273.0,RS41,405.100
2018-08-29T06:19:39.000Z,P2730774,7666,52.20874,14.48468,13649.0,-273.0,RS41,405.100
2018-08-29T06:19:40.000Z,P2730774,7667,52.20872,14.48480,13633.0,-273.0,RS41,405.100
2018-08-29T06:19:41.000Z,P2730774,7668,52.20870,14.48493,13616.2,-273.0,RS41,405.100
2018-08-29T06:19:42.000Z,P2730774,7669,52.20868,14.48507,13599.1,-273.0,RS41,405.100
2018-08-29T06:19:43.000Z,P2730774,7670,52.20866,14.48520,13582.9,-273.0,RS41,405.100
2018-08-29T06:19:44.000Z,P2730774,7671,52.20864,14.48532,13566.4,-273.0,RS41,405.100
2018-08-29T06:19:45.000Z,P2730774,7672,52.20862,14.48545,13549.7,-273.0,RS41,405.100
2018-08-29T06:19:46.000Z,P2730774,7673,52.20860,14.48557,13533.6,-273.0,RS41,405.100
2018-08-29T06:19:47.000Z,P2730774,7674,52.20858,14.48570,13518.1,-273.0,RS41,405.100
2018-08-29T06:19:48.000Z,P2730774,7675,52.20857,14.48583,13502.6,-273.0,RS41,405.100
2018-08-29T06:19:49.000Z,P2730774,7676,52.20855,14.48597,13486.2,-273.0,RS41,405.100
2018-08-29T06:19:50.000Z,P2730774,7677,52.20854,14.48611,13469.7,-273.0,RS41,405.100
2018-08-29T06:19:51.000Z,P2730774,7678,52.20852,14.48624,13454.8,-273.0,RS41,405.100
2018-08-29T06:19:52.000Z,P2730774,7679,52.20850,14.48638,13439.9,-273.0,RS41,405.100
2018-08-29T06:19:53.000Z,P2730774,7680,52.20849,14.48652,13424.1,-273.0,RS41,405.100
2018-08-29T06:19:54.000Z,P2730774,7681,52.20848,14.48666,13407.5,-273.0,RS41,405.100
2018-08-29T06:19:55.000Z,P2730774,7682,52.20847,14.48678,13390.5,-273.0,RS41,405.100
2018-08-29T06:19:56.000Z,P2730774,7683,52.20846,14.48691,13374.5,-273.0,RS41,405.100
2018-08-29T06:19:57.000Z,P2730774,7684,52.20845,14.48703,13360.5,-273.0,RS41,405.100
2018-08-29T06:19:58.000Z,P2730774,7685,52.20844,14.48714,13347.1,-273.0,RS41,405.100
2018-08-29T06:19:59.000Z,P2730774,7686,52.20843,14.48725,13333.0,-273.0,RS41,405.100
2018-08-29T06:20:01.000Z,P2730774,7688,52.20840,14.48745,13304.4,-273.0,RS41,405.100
2018-08-29T06:20:02.000Z,P2730774,7689,52.20838,14.48754,13291.3,-273.0,RS41,405.100
2018-08-29T06:20:04.000Z,P2730774,7691,52.20834,14.48771,13263.2,-273.0,RS41,405.100
2018-08-29T06:20:05.000Z,P2730774,7692,52.20831,14.48779,13248.7,-273.0,RS41,405.100
2018-08-29T06:20:06.000Z,P2730774,7693,52.20829,14.48788,13234.1,-273.0,RS41,405.100
2018-08-29T06:20:07.000Z,P2730774,7694,52.20825,14.48796,13219.6,-273.0,RS41,405.100
2018-08-29T06:20:08.000Z,P2730774,7695,52.20822,14.48806,13205.1,-273.0,RS41,405.100
2018-08-29T06:20:09.000Z,P2730774,7696,52.20818,14.48816,13188.5,-273.0,RS41,405.100
2018-08-29T06:20:10.000Z,P2730774,7697,52.20814,14.48828,13171.6,-273.0,RS41,405.100
2018-08-29T06:20:11.000Z,P2730774,7698,52.20810,14.48840,13155.6,-273.0,RS41,405.100
2018-08-29T06:20:12.000Z,P2730774,7699,52.20807,14.48853,13139.0,-273.0,RS41,405.100
2018-08-29T06:20:13.000Z,P2730774,7700,52.20803,14.48867,13123.6,-273.0,RS41,405.100
2018-08-29T06:20:14.000Z,P2730774,7701,52.20800,14.48881,13108.0,-273.0,RS41,405.100
2018-08-29T06:20:15.000Z,P2730774,7702,52.20797,14.48897,13092.0,-273.0,RS41,405.100
2018-08-29T06:20:16.000Z,P2730774,7703,52.20794,14.48913,13075.5,-273.0,RS41,405.100
2018-08-29T06:20:17.000Z,P2730774,7704,52.20792,14.48929,13059.1,-273.0,RS41,405.100
2018-08-29T06:20:18.000Z,P2730774,7705,52.20789,14.48946,13044.5,-273.0,RS41,405.100
2018-08-29T06:20:19.000Z,P2730774,7706,52.20787,14.48963,13030.8,-273.0,RS41,405.100
2018-08-29T06:20:20.000Z,P2730774,7707,52.20785,14.48980,13016.1,-273.0,RS41,405.100
2018-08-29T06:20:23.000Z,P2730774,7710,52.20779,14.49032,12974.3,-273.0,RS41,405.100
2018-08-29T06:20:24.000Z,P2730774,7711,52.20777,14.49048,12960.0,-273.0,RS41,405.100
2018-08-29T06:20:25.000Z,P2730774,7712,52.20775,14.49065,12944.7,-273.0,RS41,405.100
2018-08-29T06:20:26.000Z,P2730774,7713,52.20773,14.49081,12929.8,-273.0,RS41,405.100
2018-08-29T06:20:27.000Z,P2730774,7714,52.20772,14.49097,12914.9,-273.0,RS41,405.100
2018-08-29T06:20:28.000Z,P2730774,7715,52.20770,14.49113,12899.5,-273.0,RS41,405.100
2018-08-29T06:20:29.000Z,P2730774,7716,52.20769,14.49129,12884.7,-273.0,RS41,405.100
2018-08-29T06:20:31.000Z,P2730774,7718,52.20767,14.49159,12852.6,-273.0,RS41,405.100
2018-08-29T06:20:32.000Z,P2730774,7719,52.20766,14.49174,12835.7,-273.0,RS41,405.100
2018-08-29T06:20:33.000Z,P2730774,7720,52.20764,14.49188,12817.6,-273.0,RS41,405.100
2018-08-29T06:20:34.000Z,P2730774,7721,52.20763,14.49202,12800.0,-273.0,RS41,405.100
2018-08-29T06:20:35.000Z,P2730774,7722,52.20762,14.49217,12783.6,-273.0,RS41,405.100
2018-08-29T06:20:38.000Z,P2730774,7725,52.20759,14.49258,12736.3,-273.0,RS41,405.100
2018-08-29T06:20:52.000Z,P2730774,7739,52.20701,14.49497,12530.4,-273.0,RS41,405.100
2018-08-29T06:20:53.000Z,P2730774,7740,52.20694,14.49516,12515.6,-273.0,RS41,405.100
2018-08-29T06:20:54.000Z,P2730774,7741,52.20687,14.49535,12500.6,-273.0,RS41,405.100
2018-08-29T06:21:06.000Z,P2730774,7753,52.20619,14.49777,12322.7,-273.0,RS41,405.100
2018-08-29T06:21:09.000Z,P2730774,7756,52.20605,14.49837,12276.8,-273.0,RS41,405.100
2018-08-29T06:21:10.000Z,P2730774,7757,52.20600,14.49858,12260.8,-273.0,RS41,405.100
2018-08-29T06:21:11.000Z,P2730774,7758,52.20595,14.49879,12245.4,-273.0,RS41,405.100
2018-08-29T06:21:12.000Z,P2730774,7759,52.20591,14.49900,12231.1,-56.2,RS41,405.100
2018-08-29T06:21:13.000Z,P2730774,7760,52.20586,14.49922,12217.3,-56.2,RS41,405.100
2018-08-29T06:21:14.000Z,P2730774,7761,52.20582,14.49945,12202.6,-56.3,RS41,405.100
2018-08-29T06:21:15.000Z,P2730774,7762,52.20577,14.49968,12187.7,-56.4,RS41,405.100
2018-08-29T06:21:23.000Z,P2730774,7770,52.20537,14.50157,12069.3,-57.4,RS41,405.100
2018-08-29T06:21:24.000Z,P2730774,7771,52.20532,14.50182,12053.8,-57.4,RS41,405.100
2018-08-29T06:21:26.000Z,P2730774,7773,52.20523,14.50232,12022.8,-57.7,RS41,405.100
2018-08-29T06:21:27.000Z,P2730774,7774,52.20518,14.50256,12007.4,-57.7,RS41,405.100
2018-08-29T06:21:28.000Z,P2730774,7775,52.20514,14.50280,11991.5,-57.6,RS41,405.100
2018-08-29T06:21:29.000Z,P2730774,7776,52.20510,14.50305,11976.5,-57.4,RS41,405.100
2018-08-29T06:21:30.000Z,P2730774,7777,52.20506,14.50330,11961.6,-57.3,RS41,405.100
2018-08-29T06:21:31.000Z,P2730774,7778,52.20502,14.50356,11946.9,-57.2,RS41,405.100
2018-08-29T06:21:32.000Z,P2730774,7779,52.20497,14.50381,11932.7,-57.1,RS41,405.100
2018-08-29T06:21:34.000Z,P2730774,7781,52.20489,14.50432,11904.1,-56.9,RS41,405.100
2018-08-29T06:21:35.000Z,P2730774,7782,52.20483,14.50458,11890.2,-56.8,RS41,405.100
2018-08-29T06:21:38.000Z,P2730774,7785,52.20469,14.50533,11846.4,-56.7,RS41,405.100
