śro, 6 lut 2019, 22:02:31 CET
*** f=912984000
   --- scm
22:02:31.269363 decode.go:82: CenterFreq: 912984000
22:02:31.269512 decode.go:83: SampleRate: 2359296
22:02:31.269524 decode.go:84: DataRate: 32768
22:02:31.269534 decode.go:85: ChipLength: 72
22:02:31.269546 decode.go:86: PreambleSymbols: 21
22:02:31.269562 decode.go:87: PreambleLength: 3024
22:02:31.269577 decode.go:88: PacketSymbols: 96
22:02:31.269593 decode.go:89: PacketLength: 13824
22:02:31.269608 decode.go:90: Preamble: 111110010101001100000
22:02:31.269632 main.go:94: GainCount: 29
   --- scm+
22:03:31.426720 decode.go:82: CenterFreq: 912984000
22:03:31.426896 decode.go:83: SampleRate: 2359296
22:03:31.426908 decode.go:84: DataRate: 32768
22:03:31.426917 decode.go:85: ChipLength: 72
22:03:31.426927 decode.go:86: PreambleSymbols: 16
22:03:31.426937 decode.go:87: PreambleLength: 2304
22:03:31.426948 decode.go:88: PacketSymbols: 128
22:03:31.426974 decode.go:89: PacketLength: 18432
22:03:31.426984 decode.go:90: Preamble: 0001011010100011
22:03:31.426994 main.go:94: GainCount: 29
   --- idm
22:04:31.432862 decode.go:82: CenterFreq: 912984000
22:04:31.433008 decode.go:83: SampleRate: 2359296
22:04:31.433016 decode.go:84: DataRate: 32768
22:04:31.433021 decode.go:85: ChipLength: 72
22:04:31.433026 decode.go:86: PreambleSymbols: 32
22:04:31.433034 decode.go:87: PreambleLength: 4608
22:04:31.433043 decode.go:88: PacketSymbols: 736
22:04:31.433051 decode.go:89: PacketLength: 105984
22:04:31.433061 decode.go:90: Preamble: 01010101010101010001011010100011
22:04:31.433081 main.go:94: GainCount: 29
   --- r900
22:05:31.438890 decode.go:82: CenterFreq: 912984000
22:05:31.439015 decode.go:83: SampleRate: 2359296
22:05:31.439022 decode.go:84: DataRate: 32768
22:05:31.439027 decode.go:85: ChipLength: 72
22:05:31.439031 decode.go:86: PreambleSymbols: 32
22:05:31.439035 decode.go:87: PreambleLength: 4608
22:05:31.439039 decode.go:88: PacketSymbols: 116
22:05:31.439043 decode.go:89: PacketLength: 16704
22:05:31.439048 decode.go:90: Preamble: 00000000000000001110010101100100
22:05:31.439069 main.go:94: GainCount: 29
   --- r900bcd
22:06:36.281123 decode.go:82: CenterFreq: 912984000
22:06:36.281315 decode.go:83: SampleRate: 2359296
22:06:36.281325 decode.go:84: DataRate: 32768
22:06:36.281333 decode.go:85: ChipLength: 72
22:06:36.281345 decode.go:86: PreambleSymbols: 32
22:06:36.281358 decode.go:87: PreambleLength: 4608
22:06:36.281368 decode.go:88: PacketSymbols: 116
22:06:36.281381 decode.go:89: PacketLength: 16704
22:06:36.281395 decode.go:90: Preamble: 00000000000000001110010101100100
22:06:36.281422 main.go:94: GainCount: 29
*** f=912985000
   --- scm
22:07:31.403590 decode.go:82: CenterFreq: 912985000
22:07:31.403697 decode.go:83: SampleRate: 2359296
22:07:31.403704 decode.go:84: DataRate: 32768
22:07:31.403710 decode.go:85: ChipLength: 72
22:07:31.403716 decode.go:86: PreambleSymbols: 21
22:07:31.403722 decode.go:87: PreambleLength: 3024
22:07:31.403728 decode.go:88: PacketSymbols: 96
22:07:31.403735 decode.go:89: PacketLength: 13824
22:07:31.403742 decode.go:90: Preamble: 111110010101001100000
22:07:31.403749 main.go:94: GainCount: 29
   --- scm+
22:08:31.413524 decode.go:82: CenterFreq: 912985000
22:08:31.413640 decode.go:83: SampleRate: 2359296
22:08:31.413645 decode.go:84: DataRate: 32768
22:08:31.413649 decode.go:85: ChipLength: 72
22:08:31.413653 decode.go:86: PreambleSymbols: 16
22:08:31.413660 decode.go:87: PreambleLength: 2304
22:08:31.413665 decode.go:88: PacketSymbols: 128
22:08:31.413671 decode.go:89: PacketLength: 18432
22:08:31.413677 decode.go:90: Preamble: 0001011010100011
22:08:31.413684 main.go:94: GainCount: 29
   --- idm
22:09:31.422435 decode.go:82: CenterFreq: 912985000
22:09:31.422571 decode.go:83: SampleRate: 2359296
22:09:31.422579 decode.go:84: DataRate: 32768
22:09:31.422585 decode.go:85: ChipLength: 72
22:09:31.422592 decode.go:86: PreambleSymbols: 32
22:09:31.422599 decode.go:87: PreambleLength: 4608
22:09:31.422605 decode.go:88: PacketSymbols: 736
22:09:31.422612 decode.go:89: PacketLength: 105984
22:09:31.422619 decode.go:90: Preamble: 01010101010101010001011010100011
22:09:31.422633 main.go:94: GainCount: 29
   --- r900
22:10:31.432276 decode.go:82: CenterFreq: 912985000
22:10:31.432465 decode.go:83: SampleRate: 2359296
22:10:31.432476 decode.go:84: DataRate: 32768
22:10:31.432486 decode.go:85: ChipLength: 72
22:10:31.432499 decode.go:86: PreambleSymbols: 32
22:10:31.432520 decode.go:87: PreambleLength: 4608
22:10:31.432546 decode.go:88: PacketSymbols: 116
22:10:31.432561 decode.go:89: PacketLength: 16704
22:10:31.432615 decode.go:90: Preamble: 00000000000000001110010101100100
22:10:31.432670 main.go:94: GainCount: 29
   --- r900bcd
22:11:31.438187 decode.go:82: CenterFreq: 912985000
22:11:31.438308 decode.go:83: SampleRate: 2359296
22:11:31.438314 decode.go:84: DataRate: 32768
22:11:31.438319 decode.go:85: ChipLength: 72
22:11:31.438324 decode.go:86: PreambleSymbols: 32
22:11:31.438328 decode.go:87: PreambleLength: 4608
22:11:31.438333 decode.go:88: PacketSymbols: 116
22:11:31.438337 decode.go:89: PacketLength: 16704
22:11:31.438342 decode.go:90: Preamble: 00000000000000001110010101100100
22:11:31.438357 main.go:94: GainCount: 29
*** f=912986000
   --- scm
22:12:31.447240 decode.go:82: CenterFreq: 912986000
22:12:31.447358 decode.go:83: SampleRate: 2359296
22:12:31.447366 decode.go:84: DataRate: 32768
22:12:31.447372 decode.go:85: ChipLength: 72
22:12:31.447378 decode.go:86: PreambleSymbols: 21
22:12:31.447385 decode.go:87: PreambleLength: 3024
22:12:31.447420 decode.go:88: PacketSymbols: 96
22:12:31.447427 decode.go:89: PacketLength: 13824
22:12:31.447451 decode.go:90: Preamble: 111110010101001100000
22:12:31.447459 main.go:94: GainCount: 29
   --- scm+
22:13:31.453722 decode.go:82: CenterFreq: 912986000
22:13:31.454143 decode.go:83: SampleRate: 2359296
22:13:31.454153 decode.go:84: DataRate: 32768
22:13:31.454159 decode.go:85: ChipLength: 72
22:13:31.454164 decode.go:86: PreambleSymbols: 16
22:13:31.454169 decode.go:87: PreambleLength: 2304
22:13:31.454174 decode.go:88: PacketSymbols: 128
22:13:31.454183 decode.go:89: PacketLength: 18432
22:13:31.454191 decode.go:90: Preamble: 0001011010100011
22:13:31.454212 main.go:94: GainCount: 29
   --- idm
22:14:31.462294 decode.go:82: CenterFreq: 912986000
22:14:31.462407 decode.go:83: SampleRate: 2359296
22:14:31.462415 decode.go:84: DataRate: 32768
22:14:31.462421 decode.go:85: ChipLength: 72
22:14:31.462428 decode.go:86: PreambleSymbols: 32
22:14:31.462435 decode.go:87: PreambleLength: 4608
22:14:31.462446 decode.go:88: PacketSymbols: 736
22:14:31.462452 decode.go:89: PacketLength: 105984
22:14:31.462459 decode.go:90: Preamble: 01010101010101010001011010100011
22:14:31.462474 main.go:94: GainCount: 29
   --- r900
22:15:31.472237 decode.go:82: CenterFreq: 912986000
22:15:31.472346 decode.go:83: SampleRate: 2359296
22:15:31.472351 decode.go:84: DataRate: 32768
22:15:31.472355 decode.go:85: ChipLength: 72
22:15:31.472359 decode.go:86: PreambleSymbols: 32
22:15:31.472362 decode.go:87: PreambleLength: 4608
22:15:31.472366 decode.go:88: PacketSymbols: 116
22:15:31.472369 decode.go:89: PacketLength: 16704
22:15:31.472373 decode.go:90: Preamble: 00000000000000001110010101100100
22:15:31.472381 main.go:94: GainCount: 29
   --- r900bcd
22:16:31.479964 decode.go:82: CenterFreq: 912986000
22:16:31.480078 decode.go:83: SampleRate: 2359296
22:16:31.480086 decode.go:84: DataRate: 32768
22:16:31.480091 decode.go:85: ChipLength: 72
22:16:31.480095 decode.go:86: PreambleSymbols: 32
22:16:31.480102 decode.go:87: PreambleLength: 4608
22:16:31.480109 decode.go:88: PacketSymbols: 116
22:16:31.480125 decode.go:89: PacketLength: 16704
22:16:31.480131 decode.go:90: Preamble: 00000000000000001110010101100100
22:16:31.480146 main.go:94: GainCount: 29
śro, 6 lut 2019, 22:17:31 CET
